versions pytest-8.4.1, python-3.13.4.final.0
invocation_dir=C:\Users\User\Documents\python-fasttrack
cwd=C:\Users\User\Documents\python-fasttrack
args=('tests/mobile/test_mobile_library_discover.py', '-s', '--debug')

  pytest_cmdline_main [hook]
      config: <_pytest.config.Config object at 0x00000217FDA8F4D0>
    pytest_plugin_registered [hook]
        plugin: <Session  exitstatus='<UNSET>' testsfailed=0 testscollected=0>
        plugin_name: session
        manager: <_pytest.config.PytestPluginManager object at 0x00000217FDA8D010>
    finish pytest_plugin_registered --> [] [hook]
    pytest_configure [hook]
        config: <_pytest.config.Config object at 0x00000217FDA8F4D0>
    early skip of rewriting module: importlib.metadata._adapters [assertion]
    early skip of rewriting module: email.message [assertion]
    early skip of rewriting module: quopri [assertion]
    early skip of rewriting module: email.utils [assertion]
    early skip of rewriting module: email._parseaddr [assertion]
    early skip of rewriting module: email.errors [assertion]
    early skip of rewriting module: email._policybase [assertion]
    early skip of rewriting module: email.header [assertion]
    early skip of rewriting module: email.quoprimime [assertion]
    early skip of rewriting module: email.base64mime [assertion]
    early skip of rewriting module: email.charset [assertion]
    early skip of rewriting module: email.encoders [assertion]
    early skip of rewriting module: email._encoded_words [assertion]
    early skip of rewriting module: email.iterators [assertion]
    early skip of rewriting module: importlib.metadata._text [assertion]
    early skip of rewriting module: email.parser [assertion]
    early skip of rewriting module: email.feedparser [assertion]
      pytest_metadata [hook]
          metadata: {'Python': '3.13.4', 'Platform': 'Windows-11-10.0.26100-SP0', 'Packages': {'pytest': '8.4.1', 'pluggy': '1.6.0'}, 'Plugins': {'base-url': '2.1.0', 'html': '4.1.1', 'metadata': '3.1.1', 'playwright': '0.7.0'}, 'JAVA_HOME': 'C:\\Program Files\\Java\\jdk-21'}
          config: <_pytest.config.Config object at 0x00000217FDA8F4D0>
      finish pytest_metadata --> [] [hook]
      pytest_plugin_registered [hook]
          plugin: <_pytest.cacheprovider.LFPlugin object at 0x000002178069D010>
          plugin_name: lfplugin
          manager: <_pytest.config.PytestPluginManager object at 0x00000217FDA8D010>
      finish pytest_plugin_registered --> [] [hook]
      pytest_plugin_registered [hook]
          plugin: <_pytest.cacheprovider.NFPlugin object at 0x000002178069CEC0>
          plugin_name: nfplugin
          manager: <_pytest.config.PytestPluginManager object at 0x00000217FDA8D010>
      finish pytest_plugin_registered --> [] [hook]
    early skip of rewriting module: encodings.unicode_escape [assertion]
      pytest_plugin_registered [hook]
          plugin: <pytest_html.selfcontained_report.SelfContainedReport object at 0x000002178069DE80>
          plugin_name: 2299961925248
          manager: <_pytest.config.PytestPluginManager object at 0x00000217FDA8D010>
      finish pytest_plugin_registered --> [] [hook]
    early skip of rewriting module: faulthandler [assertion]
      pytest_plugin_registered [hook]
          plugin: <class '_pytest.legacypath.LegacyTmpdirPlugin'>
          plugin_name: legacypath-tmpdir
          manager: <_pytest.config.PytestPluginManager object at 0x00000217FDA8D010>
      finish pytest_plugin_registered --> [] [hook]
    early skip of rewriting module: pdb [assertion]
    early skip of rewriting module: cmd [assertion]
    early skip of rewriting module: code [assertion]
    early skip of rewriting module: codeop [assertion]
    early skip of rewriting module: rlcompleter [assertion]
    early skip of rewriting module: readline [assertion]
      pytest_plugin_registered [hook]
          plugin: <_pytest.config.PytestPluginManager object at 0x00000217FDA8D010>
          plugin_name: 2302063202320
          manager: <_pytest.config.PytestPluginManager object at 0x00000217FDA8D010>
      finish pytest_plugin_registered --> [] [hook]
      pytest_plugin_registered [hook]
          plugin: <_pytest.config.Config object at 0x00000217FDA8F4D0>
          plugin_name: pytestconfig
          manager: <_pytest.config.PytestPluginManager object at 0x00000217FDA8D010>
      finish pytest_plugin_registered --> [] [hook]
      pytest_plugin_registered [hook]
          plugin: <module '_pytest.mark' from 'C:\\Users\\User\\Documents\\python-fasttrack\\teapotenv\\Lib\\site-packages\\_pytest\\mark\\__init__.py'>
          plugin_name: mark
          manager: <_pytest.config.PytestPluginManager object at 0x00000217FDA8D010>
      finish pytest_plugin_registered --> [] [hook]
      pytest_plugin_registered [hook]
          plugin: <module '_pytest.main' from 'C:\\Users\\User\\Documents\\python-fasttrack\\teapotenv\\Lib\\site-packages\\_pytest\\main.py'>
          plugin_name: main
          manager: <_pytest.config.PytestPluginManager object at 0x00000217FDA8D010>
      finish pytest_plugin_registered --> [] [hook]
      pytest_plugin_registered [hook]
          plugin: <module '_pytest.runner' from 'C:\\Users\\User\\Documents\\python-fasttrack\\teapotenv\\Lib\\site-packages\\_pytest\\runner.py'>
          plugin_name: runner
          manager: <_pytest.config.PytestPluginManager object at 0x00000217FDA8D010>
      finish pytest_plugin_registered --> [] [hook]
      pytest_plugin_registered [hook]
          plugin: <module '_pytest.fixtures' from 'C:\\Users\\User\\Documents\\python-fasttrack\\teapotenv\\Lib\\site-packages\\_pytest\\fixtures.py'>
          plugin_name: fixtures
          manager: <_pytest.config.PytestPluginManager object at 0x00000217FDA8D010>
      finish pytest_plugin_registered --> [] [hook]
      pytest_plugin_registered [hook]
          plugin: <module '_pytest.helpconfig' from 'C:\\Users\\User\\Documents\\python-fasttrack\\teapotenv\\Lib\\site-packages\\_pytest\\helpconfig.py'>
          plugin_name: helpconfig
          manager: <_pytest.config.PytestPluginManager object at 0x00000217FDA8D010>
      finish pytest_plugin_registered --> [] [hook]
      pytest_plugin_registered [hook]
          plugin: <module '_pytest.python' from 'C:\\Users\\User\\Documents\\python-fasttrack\\teapotenv\\Lib\\site-packages\\_pytest\\python.py'>
          plugin_name: python
          manager: <_pytest.config.PytestPluginManager object at 0x00000217FDA8D010>
      finish pytest_plugin_registered --> [] [hook]
      pytest_plugin_registered [hook]
          plugin: <module '_pytest.terminal' from 'C:\\Users\\User\\Documents\\python-fasttrack\\teapotenv\\Lib\\site-packages\\_pytest\\terminal.py'>
          plugin_name: terminal
          manager: <_pytest.config.PytestPluginManager object at 0x00000217FDA8D010>
      finish pytest_plugin_registered --> [] [hook]
      pytest_plugin_registered [hook]
          plugin: <module '_pytest.debugging' from 'C:\\Users\\User\\Documents\\python-fasttrack\\teapotenv\\Lib\\site-packages\\_pytest\\debugging.py'>
          plugin_name: debugging
          manager: <_pytest.config.PytestPluginManager object at 0x00000217FDA8D010>
      finish pytest_plugin_registered --> [] [hook]
      pytest_plugin_registered [hook]
          plugin: <module '_pytest.unittest' from 'C:\\Users\\User\\Documents\\python-fasttrack\\teapotenv\\Lib\\site-packages\\_pytest\\unittest.py'>
          plugin_name: unittest
          manager: <_pytest.config.PytestPluginManager object at 0x00000217FDA8D010>
      finish pytest_plugin_registered --> [] [hook]
      pytest_plugin_registered [hook]
          plugin: <module '_pytest.capture' from 'C:\\Users\\User\\Documents\\python-fasttrack\\teapotenv\\Lib\\site-packages\\_pytest\\capture.py'>
          plugin_name: capture
          manager: <_pytest.config.PytestPluginManager object at 0x00000217FDA8D010>
      finish pytest_plugin_registered --> [] [hook]
      pytest_plugin_registered [hook]
          plugin: <module '_pytest.skipping' from 'C:\\Users\\User\\Documents\\python-fasttrack\\teapotenv\\Lib\\site-packages\\_pytest\\skipping.py'>
          plugin_name: skipping
          manager: <_pytest.config.PytestPluginManager object at 0x00000217FDA8D010>
      finish pytest_plugin_registered --> [] [hook]
      pytest_plugin_registered [hook]
          plugin: <module '_pytest.legacypath' from 'C:\\Users\\User\\Documents\\python-fasttrack\\teapotenv\\Lib\\site-packages\\_pytest\\legacypath.py'>
          plugin_name: legacypath
          manager: <_pytest.config.PytestPluginManager object at 0x00000217FDA8D010>
      finish pytest_plugin_registered --> [] [hook]
      pytest_plugin_registered [hook]
          plugin: <module '_pytest.tmpdir' from 'C:\\Users\\User\\Documents\\python-fasttrack\\teapotenv\\Lib\\site-packages\\_pytest\\tmpdir.py'>
          plugin_name: tmpdir
          manager: <_pytest.config.PytestPluginManager object at 0x00000217FDA8D010>
      finish pytest_plugin_registered --> [] [hook]
      pytest_plugin_registered [hook]
          plugin: <module '_pytest.monkeypatch' from 'C:\\Users\\User\\Documents\\python-fasttrack\\teapotenv\\Lib\\site-packages\\_pytest\\monkeypatch.py'>
          plugin_name: monkeypatch
          manager: <_pytest.config.PytestPluginManager object at 0x00000217FDA8D010>
      finish pytest_plugin_registered --> [] [hook]
      pytest_plugin_registered [hook]
          plugin: <module '_pytest.recwarn' from 'C:\\Users\\User\\Documents\\python-fasttrack\\teapotenv\\Lib\\site-packages\\_pytest\\recwarn.py'>
          plugin_name: recwarn
          manager: <_pytest.config.PytestPluginManager object at 0x00000217FDA8D010>
      finish pytest_plugin_registered --> [] [hook]
      pytest_plugin_registered [hook]
          plugin: <module '_pytest.pastebin' from 'C:\\Users\\User\\Documents\\python-fasttrack\\teapotenv\\Lib\\site-packages\\_pytest\\pastebin.py'>
          plugin_name: pastebin
          manager: <_pytest.config.PytestPluginManager object at 0x00000217FDA8D010>
      finish pytest_plugin_registered --> [] [hook]
      pytest_plugin_registered [hook]
          plugin: <module '_pytest.assertion' from 'C:\\Users\\User\\Documents\\python-fasttrack\\teapotenv\\Lib\\site-packages\\_pytest\\assertion\\__init__.py'>
          plugin_name: assertion
          manager: <_pytest.config.PytestPluginManager object at 0x00000217FDA8D010>
      finish pytest_plugin_registered --> [] [hook]
      pytest_plugin_registered [hook]
          plugin: <module '_pytest.junitxml' from 'C:\\Users\\User\\Documents\\python-fasttrack\\teapotenv\\Lib\\site-packages\\_pytest\\junitxml.py'>
          plugin_name: junitxml
          manager: <_pytest.config.PytestPluginManager object at 0x00000217FDA8D010>
      finish pytest_plugin_registered --> [] [hook]
      pytest_plugin_registered [hook]
          plugin: <module '_pytest.doctest' from 'C:\\Users\\User\\Documents\\python-fasttrack\\teapotenv\\Lib\\site-packages\\_pytest\\doctest.py'>
          plugin_name: doctest
          manager: <_pytest.config.PytestPluginManager object at 0x00000217FDA8D010>
      finish pytest_plugin_registered --> [] [hook]
      pytest_plugin_registered [hook]
          plugin: <module '_pytest.cacheprovider' from 'C:\\Users\\User\\Documents\\python-fasttrack\\teapotenv\\Lib\\site-packages\\_pytest\\cacheprovider.py'>
          plugin_name: cacheprovider
          manager: <_pytest.config.PytestPluginManager object at 0x00000217FDA8D010>
      finish pytest_plugin_registered --> [] [hook]
      pytest_plugin_registered [hook]
          plugin: <module '_pytest.freeze_support' from 'C:\\Users\\User\\Documents\\python-fasttrack\\teapotenv\\Lib\\site-packages\\_pytest\\freeze_support.py'>
          plugin_name: freeze_support
          manager: <_pytest.config.PytestPluginManager object at 0x00000217FDA8D010>
      finish pytest_plugin_registered --> [] [hook]
      pytest_plugin_registered [hook]
          plugin: <module '_pytest.setuponly' from 'C:\\Users\\User\\Documents\\python-fasttrack\\teapotenv\\Lib\\site-packages\\_pytest\\setuponly.py'>
          plugin_name: setuponly
          manager: <_pytest.config.PytestPluginManager object at 0x00000217FDA8D010>
      finish pytest_plugin_registered --> [] [hook]
      pytest_plugin_registered [hook]
          plugin: <module '_pytest.setupplan' from 'C:\\Users\\User\\Documents\\python-fasttrack\\teapotenv\\Lib\\site-packages\\_pytest\\setupplan.py'>
          plugin_name: setupplan
          manager: <_pytest.config.PytestPluginManager object at 0x00000217FDA8D010>
      finish pytest_plugin_registered --> [] [hook]
      pytest_plugin_registered [hook]
          plugin: <module '_pytest.stepwise' from 'C:\\Users\\User\\Documents\\python-fasttrack\\teapotenv\\Lib\\site-packages\\_pytest\\stepwise.py'>
          plugin_name: stepwise
          manager: <_pytest.config.PytestPluginManager object at 0x00000217FDA8D010>
      finish pytest_plugin_registered --> [] [hook]
      pytest_plugin_registered [hook]
          plugin: <module '_pytest.unraisableexception' from 'C:\\Users\\User\\Documents\\python-fasttrack\\teapotenv\\Lib\\site-packages\\_pytest\\unraisableexception.py'>
          plugin_name: unraisableexception
          manager: <_pytest.config.PytestPluginManager object at 0x00000217FDA8D010>
      finish pytest_plugin_registered --> [] [hook]
      pytest_plugin_registered [hook]
          plugin: <module '_pytest.threadexception' from 'C:\\Users\\User\\Documents\\python-fasttrack\\teapotenv\\Lib\\site-packages\\_pytest\\threadexception.py'>
          plugin_name: threadexception
          manager: <_pytest.config.PytestPluginManager object at 0x00000217FDA8D010>
      finish pytest_plugin_registered --> [] [hook]
      pytest_plugin_registered [hook]
          plugin: <module '_pytest.warnings' from 'C:\\Users\\User\\Documents\\python-fasttrack\\teapotenv\\Lib\\site-packages\\_pytest\\warnings.py'>
          plugin_name: warnings
          manager: <_pytest.config.PytestPluginManager object at 0x00000217FDA8D010>
      finish pytest_plugin_registered --> [] [hook]
      pytest_plugin_registered [hook]
          plugin: <module '_pytest.logging' from 'C:\\Users\\User\\Documents\\python-fasttrack\\teapotenv\\Lib\\site-packages\\_pytest\\logging.py'>
          plugin_name: logging
          manager: <_pytest.config.PytestPluginManager object at 0x00000217FDA8D010>
      finish pytest_plugin_registered --> [] [hook]
      pytest_plugin_registered [hook]
          plugin: <module '_pytest.reports' from 'C:\\Users\\User\\Documents\\python-fasttrack\\teapotenv\\Lib\\site-packages\\_pytest\\reports.py'>
          plugin_name: reports
          manager: <_pytest.config.PytestPluginManager object at 0x00000217FDA8D010>
      finish pytest_plugin_registered --> [] [hook]
      pytest_plugin_registered [hook]
          plugin: <module '_pytest.faulthandler' from 'C:\\Users\\User\\Documents\\python-fasttrack\\teapotenv\\Lib\\site-packages\\_pytest\\faulthandler.py'>
          plugin_name: faulthandler
          manager: <_pytest.config.PytestPluginManager object at 0x00000217FDA8D010>
      finish pytest_plugin_registered --> [] [hook]
      pytest_plugin_registered [hook]
          plugin: <module 'pytest_base_url.plugin' from 'C:\\Users\\User\\Documents\\python-fasttrack\\teapotenv\\Lib\\site-packages\\pytest_base_url\\plugin.py'>
          plugin_name: base_url
          manager: <_pytest.config.PytestPluginManager object at 0x00000217FDA8D010>
      finish pytest_plugin_registered --> [] [hook]
      pytest_plugin_registered [hook]
          plugin: <module 'pytest_html.plugin' from 'C:\\Users\\User\\Documents\\python-fasttrack\\teapotenv\\Lib\\site-packages\\pytest_html\\plugin.py'>
          plugin_name: html
          manager: <_pytest.config.PytestPluginManager object at 0x00000217FDA8D010>
      finish pytest_plugin_registered --> [] [hook]
      pytest_plugin_registered [hook]
          plugin: <module 'pytest_html.fixtures' from 'C:\\Users\\User\\Documents\\python-fasttrack\\teapotenv\\Lib\\site-packages\\pytest_html\\fixtures.py'>
          plugin_name: html_fixtures
          manager: <_pytest.config.PytestPluginManager object at 0x00000217FDA8D010>
      finish pytest_plugin_registered --> [] [hook]
      pytest_plugin_registered [hook]
          plugin: <module 'pytest_metadata.plugin' from 'C:\\Users\\User\\Documents\\python-fasttrack\\teapotenv\\Lib\\site-packages\\pytest_metadata\\plugin.py'>
          plugin_name: metadata
          manager: <_pytest.config.PytestPluginManager object at 0x00000217FDA8D010>
      finish pytest_plugin_registered --> [] [hook]
      pytest_plugin_registered [hook]
          plugin: <module 'pytest_playwright.pytest_playwright' from 'C:\\Users\\User\\Documents\\python-fasttrack\\teapotenv\\Lib\\site-packages\\pytest_playwright\\pytest_playwright.py'>
          plugin_name: playwright
          manager: <_pytest.config.PytestPluginManager object at 0x00000217FDA8D010>
      finish pytest_plugin_registered --> [] [hook]
      pytest_plugin_registered [hook]
          plugin: <CaptureManager _method='no' _global_capturing=<MultiCapture out=None err=None in_=None _state='suspended' _in_suspended=False> _capture_fixture=None>
          plugin_name: capturemanager
          manager: <_pytest.config.PytestPluginManager object at 0x00000217FDA8D010>
      finish pytest_plugin_registered --> [] [hook]
      pytest_plugin_registered [hook]
          plugin: <module 'conftest' from 'C:\\Users\\User\\Documents\\python-fasttrack\\tests\\conftest.py'>
          plugin_name: C:\Users\User\Documents\python-fasttrack\tests\conftest.py
          manager: <_pytest.config.PytestPluginManager object at 0x00000217FDA8D010>
      finish pytest_plugin_registered --> [] [hook]
      pytest_plugin_registered [hook]
          plugin: <Session  exitstatus=<ExitCode.OK: 0> testsfailed=0 testscollected=0>
          plugin_name: session
          manager: <_pytest.config.PytestPluginManager object at 0x00000217FDA8D010>
      finish pytest_plugin_registered --> [] [hook]
      pytest_plugin_registered [hook]
          plugin: <_pytest.cacheprovider.LFPlugin object at 0x000002178069D010>
          plugin_name: lfplugin
          manager: <_pytest.config.PytestPluginManager object at 0x00000217FDA8D010>
      finish pytest_plugin_registered --> [] [hook]
      pytest_plugin_registered [hook]
          plugin: <_pytest.cacheprovider.NFPlugin object at 0x000002178069CEC0>
          plugin_name: nfplugin
          manager: <_pytest.config.PytestPluginManager object at 0x00000217FDA8D010>
      finish pytest_plugin_registered --> [] [hook]
      pytest_plugin_registered [hook]
          plugin: <pytest_html.selfcontained_report.SelfContainedReport object at 0x000002178069DE80>
          plugin_name: 2299961925248
          manager: <_pytest.config.PytestPluginManager object at 0x00000217FDA8D010>
      finish pytest_plugin_registered --> [] [hook]
      pytest_plugin_registered [hook]
          plugin: <class '_pytest.legacypath.LegacyTmpdirPlugin'>
          plugin_name: legacypath-tmpdir
          manager: <_pytest.config.PytestPluginManager object at 0x00000217FDA8D010>
      finish pytest_plugin_registered --> [] [hook]
      pytest_plugin_registered [hook]
          plugin: <_pytest.terminal.TerminalReporter object at 0x000002178069F380>
          plugin_name: terminalreporter
          manager: <_pytest.config.PytestPluginManager object at 0x00000217FDA8D010>
      finish pytest_plugin_registered --> [] [hook]
      pytest_plugin_registered [hook]
          plugin: <_pytest.logging.LoggingPlugin object at 0x000002178069FA10>
          plugin_name: logging-plugin
          manager: <_pytest.config.PytestPluginManager object at 0x00000217FDA8D010>
      finish pytest_plugin_registered --> [] [hook]
    finish pytest_configure --> [] [hook]
    pytest_sessionstart [hook]
        session: <Session  exitstatus=<ExitCode.OK: 0> testsfailed=0 testscollected=0>
      pytest_plugin_registered [hook]
          plugin: <_pytest.config.PytestPluginManager object at 0x00000217FDA8D010>
          plugin_name: 2302063202320
          manager: <_pytest.config.PytestPluginManager object at 0x00000217FDA8D010>
      finish pytest_plugin_registered --> [] [hook]
      pytest_plugin_registered [hook]
          plugin: <_pytest.config.Config object at 0x00000217FDA8F4D0>
          plugin_name: pytestconfig
          manager: <_pytest.config.PytestPluginManager object at 0x00000217FDA8D010>
      finish pytest_plugin_registered --> [] [hook]
      pytest_plugin_registered [hook]
          plugin: <module '_pytest.mark' from 'C:\\Users\\User\\Documents\\python-fasttrack\\teapotenv\\Lib\\site-packages\\_pytest\\mark\\__init__.py'>
          plugin_name: mark
          manager: <_pytest.config.PytestPluginManager object at 0x00000217FDA8D010>
      finish pytest_plugin_registered --> [] [hook]
      pytest_plugin_registered [hook]
          plugin: <module '_pytest.main' from 'C:\\Users\\User\\Documents\\python-fasttrack\\teapotenv\\Lib\\site-packages\\_pytest\\main.py'>
          plugin_name: main
          manager: <_pytest.config.PytestPluginManager object at 0x00000217FDA8D010>
      finish pytest_plugin_registered --> [] [hook]
      pytest_plugin_registered [hook]
          plugin: <module '_pytest.runner' from 'C:\\Users\\User\\Documents\\python-fasttrack\\teapotenv\\Lib\\site-packages\\_pytest\\runner.py'>
          plugin_name: runner
          manager: <_pytest.config.PytestPluginManager object at 0x00000217FDA8D010>
      finish pytest_plugin_registered --> [] [hook]
      pytest_plugin_registered [hook]
          plugin: <module '_pytest.fixtures' from 'C:\\Users\\User\\Documents\\python-fasttrack\\teapotenv\\Lib\\site-packages\\_pytest\\fixtures.py'>
          plugin_name: fixtures
          manager: <_pytest.config.PytestPluginManager object at 0x00000217FDA8D010>
      finish pytest_plugin_registered --> [] [hook]
      pytest_plugin_registered [hook]
          plugin: <module '_pytest.helpconfig' from 'C:\\Users\\User\\Documents\\python-fasttrack\\teapotenv\\Lib\\site-packages\\_pytest\\helpconfig.py'>
          plugin_name: helpconfig
          manager: <_pytest.config.PytestPluginManager object at 0x00000217FDA8D010>
      finish pytest_plugin_registered --> [] [hook]
      pytest_plugin_registered [hook]
          plugin: <module '_pytest.python' from 'C:\\Users\\User\\Documents\\python-fasttrack\\teapotenv\\Lib\\site-packages\\_pytest\\python.py'>
          plugin_name: python
          manager: <_pytest.config.PytestPluginManager object at 0x00000217FDA8D010>
      finish pytest_plugin_registered --> [] [hook]
      pytest_plugin_registered [hook]
          plugin: <module '_pytest.terminal' from 'C:\\Users\\User\\Documents\\python-fasttrack\\teapotenv\\Lib\\site-packages\\_pytest\\terminal.py'>
          plugin_name: terminal
          manager: <_pytest.config.PytestPluginManager object at 0x00000217FDA8D010>
      finish pytest_plugin_registered --> [] [hook]
      pytest_plugin_registered [hook]
          plugin: <module '_pytest.debugging' from 'C:\\Users\\User\\Documents\\python-fasttrack\\teapotenv\\Lib\\site-packages\\_pytest\\debugging.py'>
          plugin_name: debugging
          manager: <_pytest.config.PytestPluginManager object at 0x00000217FDA8D010>
      finish pytest_plugin_registered --> [] [hook]
      pytest_plugin_registered [hook]
          plugin: <module '_pytest.unittest' from 'C:\\Users\\User\\Documents\\python-fasttrack\\teapotenv\\Lib\\site-packages\\_pytest\\unittest.py'>
          plugin_name: unittest
          manager: <_pytest.config.PytestPluginManager object at 0x00000217FDA8D010>
      finish pytest_plugin_registered --> [] [hook]
      pytest_plugin_registered [hook]
          plugin: <module '_pytest.capture' from 'C:\\Users\\User\\Documents\\python-fasttrack\\teapotenv\\Lib\\site-packages\\_pytest\\capture.py'>
          plugin_name: capture
          manager: <_pytest.config.PytestPluginManager object at 0x00000217FDA8D010>
      finish pytest_plugin_registered --> [] [hook]
      pytest_plugin_registered [hook]
          plugin: <module '_pytest.skipping' from 'C:\\Users\\User\\Documents\\python-fasttrack\\teapotenv\\Lib\\site-packages\\_pytest\\skipping.py'>
          plugin_name: skipping
          manager: <_pytest.config.PytestPluginManager object at 0x00000217FDA8D010>
      finish pytest_plugin_registered --> [] [hook]
      pytest_plugin_registered [hook]
          plugin: <module '_pytest.legacypath' from 'C:\\Users\\User\\Documents\\python-fasttrack\\teapotenv\\Lib\\site-packages\\_pytest\\legacypath.py'>
          plugin_name: legacypath
          manager: <_pytest.config.PytestPluginManager object at 0x00000217FDA8D010>
      finish pytest_plugin_registered --> [] [hook]
      pytest_plugin_registered [hook]
          plugin: <module '_pytest.tmpdir' from 'C:\\Users\\User\\Documents\\python-fasttrack\\teapotenv\\Lib\\site-packages\\_pytest\\tmpdir.py'>
          plugin_name: tmpdir
          manager: <_pytest.config.PytestPluginManager object at 0x00000217FDA8D010>
      finish pytest_plugin_registered --> [] [hook]
      pytest_plugin_registered [hook]
          plugin: <module '_pytest.monkeypatch' from 'C:\\Users\\User\\Documents\\python-fasttrack\\teapotenv\\Lib\\site-packages\\_pytest\\monkeypatch.py'>
          plugin_name: monkeypatch
          manager: <_pytest.config.PytestPluginManager object at 0x00000217FDA8D010>
      finish pytest_plugin_registered --> [] [hook]
      pytest_plugin_registered [hook]
          plugin: <module '_pytest.recwarn' from 'C:\\Users\\User\\Documents\\python-fasttrack\\teapotenv\\Lib\\site-packages\\_pytest\\recwarn.py'>
          plugin_name: recwarn
          manager: <_pytest.config.PytestPluginManager object at 0x00000217FDA8D010>
      finish pytest_plugin_registered --> [] [hook]
      pytest_plugin_registered [hook]
          plugin: <module '_pytest.pastebin' from 'C:\\Users\\User\\Documents\\python-fasttrack\\teapotenv\\Lib\\site-packages\\_pytest\\pastebin.py'>
          plugin_name: pastebin
          manager: <_pytest.config.PytestPluginManager object at 0x00000217FDA8D010>
      finish pytest_plugin_registered --> [] [hook]
      pytest_plugin_registered [hook]
          plugin: <module '_pytest.assertion' from 'C:\\Users\\User\\Documents\\python-fasttrack\\teapotenv\\Lib\\site-packages\\_pytest\\assertion\\__init__.py'>
          plugin_name: assertion
          manager: <_pytest.config.PytestPluginManager object at 0x00000217FDA8D010>
      finish pytest_plugin_registered --> [] [hook]
      pytest_plugin_registered [hook]
          plugin: <module '_pytest.junitxml' from 'C:\\Users\\User\\Documents\\python-fasttrack\\teapotenv\\Lib\\site-packages\\_pytest\\junitxml.py'>
          plugin_name: junitxml
          manager: <_pytest.config.PytestPluginManager object at 0x00000217FDA8D010>
      finish pytest_plugin_registered --> [] [hook]
      pytest_plugin_registered [hook]
          plugin: <module '_pytest.doctest' from 'C:\\Users\\User\\Documents\\python-fasttrack\\teapotenv\\Lib\\site-packages\\_pytest\\doctest.py'>
          plugin_name: doctest
          manager: <_pytest.config.PytestPluginManager object at 0x00000217FDA8D010>
      finish pytest_plugin_registered --> [] [hook]
      pytest_plugin_registered [hook]
          plugin: <module '_pytest.cacheprovider' from 'C:\\Users\\User\\Documents\\python-fasttrack\\teapotenv\\Lib\\site-packages\\_pytest\\cacheprovider.py'>
          plugin_name: cacheprovider
          manager: <_pytest.config.PytestPluginManager object at 0x00000217FDA8D010>
      finish pytest_plugin_registered --> [] [hook]
      pytest_plugin_registered [hook]
          plugin: <module '_pytest.freeze_support' from 'C:\\Users\\User\\Documents\\python-fasttrack\\teapotenv\\Lib\\site-packages\\_pytest\\freeze_support.py'>
          plugin_name: freeze_support
          manager: <_pytest.config.PytestPluginManager object at 0x00000217FDA8D010>
      finish pytest_plugin_registered --> [] [hook]
      pytest_plugin_registered [hook]
          plugin: <module '_pytest.setuponly' from 'C:\\Users\\User\\Documents\\python-fasttrack\\teapotenv\\Lib\\site-packages\\_pytest\\setuponly.py'>
          plugin_name: setuponly
          manager: <_pytest.config.PytestPluginManager object at 0x00000217FDA8D010>
      finish pytest_plugin_registered --> [] [hook]
      pytest_plugin_registered [hook]
          plugin: <module '_pytest.setupplan' from 'C:\\Users\\User\\Documents\\python-fasttrack\\teapotenv\\Lib\\site-packages\\_pytest\\setupplan.py'>
          plugin_name: setupplan
          manager: <_pytest.config.PytestPluginManager object at 0x00000217FDA8D010>
      finish pytest_plugin_registered --> [] [hook]
      pytest_plugin_registered [hook]
          plugin: <module '_pytest.stepwise' from 'C:\\Users\\User\\Documents\\python-fasttrack\\teapotenv\\Lib\\site-packages\\_pytest\\stepwise.py'>
          plugin_name: stepwise
          manager: <_pytest.config.PytestPluginManager object at 0x00000217FDA8D010>
      finish pytest_plugin_registered --> [] [hook]
      pytest_plugin_registered [hook]
          plugin: <module '_pytest.unraisableexception' from 'C:\\Users\\User\\Documents\\python-fasttrack\\teapotenv\\Lib\\site-packages\\_pytest\\unraisableexception.py'>
          plugin_name: unraisableexception
          manager: <_pytest.config.PytestPluginManager object at 0x00000217FDA8D010>
      finish pytest_plugin_registered --> [] [hook]
      pytest_plugin_registered [hook]
          plugin: <module '_pytest.threadexception' from 'C:\\Users\\User\\Documents\\python-fasttrack\\teapotenv\\Lib\\site-packages\\_pytest\\threadexception.py'>
          plugin_name: threadexception
          manager: <_pytest.config.PytestPluginManager object at 0x00000217FDA8D010>
      finish pytest_plugin_registered --> [] [hook]
      pytest_plugin_registered [hook]
          plugin: <module '_pytest.warnings' from 'C:\\Users\\User\\Documents\\python-fasttrack\\teapotenv\\Lib\\site-packages\\_pytest\\warnings.py'>
          plugin_name: warnings
          manager: <_pytest.config.PytestPluginManager object at 0x00000217FDA8D010>
      finish pytest_plugin_registered --> [] [hook]
      pytest_plugin_registered [hook]
          plugin: <module '_pytest.logging' from 'C:\\Users\\User\\Documents\\python-fasttrack\\teapotenv\\Lib\\site-packages\\_pytest\\logging.py'>
          plugin_name: logging
          manager: <_pytest.config.PytestPluginManager object at 0x00000217FDA8D010>
      finish pytest_plugin_registered --> [] [hook]
      pytest_plugin_registered [hook]
          plugin: <module '_pytest.reports' from 'C:\\Users\\User\\Documents\\python-fasttrack\\teapotenv\\Lib\\site-packages\\_pytest\\reports.py'>
          plugin_name: reports
          manager: <_pytest.config.PytestPluginManager object at 0x00000217FDA8D010>
      finish pytest_plugin_registered --> [] [hook]
      pytest_plugin_registered [hook]
          plugin: <module '_pytest.faulthandler' from 'C:\\Users\\User\\Documents\\python-fasttrack\\teapotenv\\Lib\\site-packages\\_pytest\\faulthandler.py'>
          plugin_name: faulthandler
          manager: <_pytest.config.PytestPluginManager object at 0x00000217FDA8D010>
      finish pytest_plugin_registered --> [] [hook]
      pytest_plugin_registered [hook]
          plugin: <module 'pytest_base_url.plugin' from 'C:\\Users\\User\\Documents\\python-fasttrack\\teapotenv\\Lib\\site-packages\\pytest_base_url\\plugin.py'>
          plugin_name: base_url
          manager: <_pytest.config.PytestPluginManager object at 0x00000217FDA8D010>
      finish pytest_plugin_registered --> [] [hook]
      pytest_plugin_registered [hook]
          plugin: <module 'pytest_html.plugin' from 'C:\\Users\\User\\Documents\\python-fasttrack\\teapotenv\\Lib\\site-packages\\pytest_html\\plugin.py'>
          plugin_name: html
          manager: <_pytest.config.PytestPluginManager object at 0x00000217FDA8D010>
      finish pytest_plugin_registered --> [] [hook]
      pytest_plugin_registered [hook]
          plugin: <module 'pytest_html.fixtures' from 'C:\\Users\\User\\Documents\\python-fasttrack\\teapotenv\\Lib\\site-packages\\pytest_html\\fixtures.py'>
          plugin_name: html_fixtures
          manager: <_pytest.config.PytestPluginManager object at 0x00000217FDA8D010>
      finish pytest_plugin_registered --> [] [hook]
      pytest_plugin_registered [hook]
          plugin: <module 'pytest_metadata.plugin' from 'C:\\Users\\User\\Documents\\python-fasttrack\\teapotenv\\Lib\\site-packages\\pytest_metadata\\plugin.py'>
          plugin_name: metadata
          manager: <_pytest.config.PytestPluginManager object at 0x00000217FDA8D010>
      finish pytest_plugin_registered --> [] [hook]
      pytest_plugin_registered [hook]
          plugin: <module 'pytest_playwright.pytest_playwright' from 'C:\\Users\\User\\Documents\\python-fasttrack\\teapotenv\\Lib\\site-packages\\pytest_playwright\\pytest_playwright.py'>
          plugin_name: playwright
          manager: <_pytest.config.PytestPluginManager object at 0x00000217FDA8D010>
      finish pytest_plugin_registered --> [] [hook]
      pytest_plugin_registered [hook]
          plugin: <CaptureManager _method='no' _global_capturing=<MultiCapture out=None err=None in_=None _state='suspended' _in_suspended=False> _capture_fixture=None>
          plugin_name: capturemanager
          manager: <_pytest.config.PytestPluginManager object at 0x00000217FDA8D010>
      finish pytest_plugin_registered --> [] [hook]
      pytest_plugin_registered [hook]
          plugin: <module 'conftest' from 'C:\\Users\\User\\Documents\\python-fasttrack\\tests\\conftest.py'>
          plugin_name: C:\Users\User\Documents\python-fasttrack\tests\conftest.py
          manager: <_pytest.config.PytestPluginManager object at 0x00000217FDA8D010>
      finish pytest_plugin_registered --> [] [hook]
      pytest_plugin_registered [hook]
          plugin: <Session  exitstatus=<ExitCode.OK: 0> testsfailed=0 testscollected=0>
          plugin_name: session
          manager: <_pytest.config.PytestPluginManager object at 0x00000217FDA8D010>
      finish pytest_plugin_registered --> [] [hook]
      pytest_plugin_registered [hook]
          plugin: <_pytest.cacheprovider.LFPlugin object at 0x000002178069D010>
          plugin_name: lfplugin
          manager: <_pytest.config.PytestPluginManager object at 0x00000217FDA8D010>
      finish pytest_plugin_registered --> [] [hook]
      pytest_plugin_registered [hook]
          plugin: <_pytest.cacheprovider.NFPlugin object at 0x000002178069CEC0>
          plugin_name: nfplugin
          manager: <_pytest.config.PytestPluginManager object at 0x00000217FDA8D010>
      finish pytest_plugin_registered --> [] [hook]
      pytest_plugin_registered [hook]
          plugin: <pytest_html.selfcontained_report.SelfContainedReport object at 0x000002178069DE80>
          plugin_name: 2299961925248
          manager: <_pytest.config.PytestPluginManager object at 0x00000217FDA8D010>
      finish pytest_plugin_registered --> [] [hook]
      pytest_plugin_registered [hook]
          plugin: <class '_pytest.legacypath.LegacyTmpdirPlugin'>
          plugin_name: legacypath-tmpdir
          manager: <_pytest.config.PytestPluginManager object at 0x00000217FDA8D010>
      finish pytest_plugin_registered --> [] [hook]
      pytest_plugin_registered [hook]
          plugin: <_pytest.terminal.TerminalReporter object at 0x000002178069F380>
          plugin_name: terminalreporter
          manager: <_pytest.config.PytestPluginManager object at 0x00000217FDA8D010>
      finish pytest_plugin_registered --> [] [hook]
      pytest_plugin_registered [hook]
          plugin: <_pytest.logging.LoggingPlugin object at 0x000002178069FA10>
          plugin_name: logging-plugin
          manager: <_pytest.config.PytestPluginManager object at 0x00000217FDA8D010>
      finish pytest_plugin_registered --> [] [hook]
      pytest_plugin_registered [hook]
          plugin: <_pytest.fixtures.FixtureManager object at 0x0000021780874440>
          plugin_name: funcmanage
          manager: <_pytest.config.PytestPluginManager object at 0x00000217FDA8D010>
      finish pytest_plugin_registered --> [] [hook]
      pytest_html_report_title [hook]
          report: <pytest_html.report_data.ReportData object at 0x000002178069DBE0>
      finish pytest_html_report_title --> [] [hook]
      pytest_html_results_table_header [hook]
          cells: ['<th class="sortable" data-column-type="result">Result</th>', '<th class="sortable" data-column-type="testId">Test</th>', '<th class="sortable" data-column-type="duration">Duration</th>', '<th>Links</th>']
      finish pytest_html_results_table_header --> [] [hook]
      pytest_report_header [hook]
          config: <_pytest.config.Config object at 0x00000217FDA8F4D0>
          start_path: C:\Users\User\Documents\python-fasttrack
          startdir: C:\Users\User\Documents\python-fasttrack
      finish pytest_report_header --> [['rootdir: C:\\Users\\User\\Documents\\python-fasttrack', 'configfile: pytest.ini', 'plugins: base-url-2.1.0, html-4.1.1, metadata-3.1.1, playwright-0.7.0'], ['using: pytest-8.4.1', 'registered third-party plugins:', '  pytest-base-url-2.1.0 at C:\\Users\\User\\Documents\\python-fasttrack\\teapotenv\\Lib\\site-packages\\pytest_base_url\\plugin.py', '  pytest-html-4.1.1 at C:\\Users\\User\\Documents\\python-fasttrack\\teapotenv\\Lib\\site-packages\\pytest_html\\plugin.py', '  pytest-html-4.1.1 at C:\\Users\\User\\Documents\\python-fasttrack\\teapotenv\\Lib\\site-packages\\pytest_html\\fixtures.py', '  pytest-metadata-3.1.1 at C:\\Users\\User\\Documents\\python-fasttrack\\teapotenv\\Lib\\site-packages\\pytest_metadata\\plugin.py', '  pytest-playwright-0.7.0 at C:\\Users\\User\\Documents\\python-fasttrack\\teapotenv\\Lib\\site-packages\\pytest_playwright\\pytest_playwright.py']] [hook]
    finish pytest_sessionstart --> [] [hook]
    pytest_collection [hook]
        session: <Session  exitstatus=<ExitCode.OK: 0> testsfailed=0 testscollected=0>
    perform_collect <Session  exitstatus=<ExitCode.OK: 0> testsfailed=0 testscollected=0> ['tests/mobile/test_mobile_library_discover.py'] [collection]
        pytest_collectstart [hook]
            collector: <Session  exitstatus=<ExitCode.OK: 0> testsfailed=0 testscollected=0>
        finish pytest_collectstart --> [] [hook]
        pytest_make_collect_report [hook]
            collector: <Session  exitstatus=<ExitCode.OK: 0> testsfailed=0 testscollected=0>
        processing argument CollectionArgument(path=WindowsPath('C:/Users/User/Documents/python-fasttrack/tests/mobile/test_mobile_library_discover.py'), parts=[], module_name=None) [collection]
            pytest_collect_directory [hook]
                path: C:\Users\User\Documents\python-fasttrack
                parent: <Session  exitstatus=<ExitCode.OK: 0> testsfailed=0 testscollected=0>
            finish pytest_collect_directory --> <Dir python-fasttrack> [hook]
            pytest_collectstart [hook]
                collector: <Dir python-fasttrack>
            finish pytest_collectstart --> [] [hook]
            pytest_make_collect_report [hook]
                collector: <Dir python-fasttrack>
              pytest_ignore_collect [hook]
                  config: <_pytest.config.Config object at 0x00000217FDA8F4D0>
                  collection_path: C:\Users\User\Documents\python-fasttrack\.env
                  path: C:\Users\User\Documents\python-fasttrack\.env
              finish pytest_ignore_collect --> None [hook]
              pytest_collect_file [hook]
                  parent: <Dir python-fasttrack>
                  file_path: C:\Users\User\Documents\python-fasttrack\.env
                  path: C:\Users\User\Documents\python-fasttrack\.env
              finish pytest_collect_file --> [] [hook]
              pytest_ignore_collect [hook]
                  config: <_pytest.config.Config object at 0x00000217FDA8F4D0>
                  collection_path: C:\Users\User\Documents\python-fasttrack\.git
                  path: C:\Users\User\Documents\python-fasttrack\.git
              finish pytest_ignore_collect --> True [hook]
              pytest_ignore_collect [hook]
                  config: <_pytest.config.Config object at 0x00000217FDA8F4D0>
                  collection_path: C:\Users\User\Documents\python-fasttrack\.github
                  path: C:\Users\User\Documents\python-fasttrack\.github
              finish pytest_ignore_collect --> True [hook]
              pytest_ignore_collect [hook]
                  config: <_pytest.config.Config object at 0x00000217FDA8F4D0>
                  collection_path: C:\Users\User\Documents\python-fasttrack\.gitignore
                  path: C:\Users\User\Documents\python-fasttrack\.gitignore
              finish pytest_ignore_collect --> None [hook]
              pytest_collect_file [hook]
                  parent: <Dir python-fasttrack>
                  file_path: C:\Users\User\Documents\python-fasttrack\.gitignore
                  path: C:\Users\User\Documents\python-fasttrack\.gitignore
              finish pytest_collect_file --> [] [hook]
              pytest_ignore_collect [hook]
                  config: <_pytest.config.Config object at 0x00000217FDA8F4D0>
                  collection_path: C:\Users\User\Documents\python-fasttrack\.pytest_cache
                  path: C:\Users\User\Documents\python-fasttrack\.pytest_cache
              finish pytest_ignore_collect --> True [hook]
              pytest_ignore_collect [hook]
                  config: <_pytest.config.Config object at 0x00000217FDA8F4D0>
                  collection_path: C:\Users\User\Documents\python-fasttrack\.vscode
                  path: C:\Users\User\Documents\python-fasttrack\.vscode
              finish pytest_ignore_collect --> True [hook]
              pytest_ignore_collect [hook]
                  config: <_pytest.config.Config object at 0x00000217FDA8F4D0>
                  collection_path: C:\Users\User\Documents\python-fasttrack\README.md
                  path: C:\Users\User\Documents\python-fasttrack\README.md
              finish pytest_ignore_collect --> None [hook]
              pytest_collect_file [hook]
                  parent: <Dir python-fasttrack>
                  file_path: C:\Users\User\Documents\python-fasttrack\README.md
                  path: C:\Users\User\Documents\python-fasttrack\README.md
              finish pytest_collect_file --> [] [hook]
              pytest_ignore_collect [hook]
                  config: <_pytest.config.Config object at 0x00000217FDA8F4D0>
                  collection_path: C:\Users\User\Documents\python-fasttrack\__pycache__
                  path: C:\Users\User\Documents\python-fasttrack\__pycache__
              finish pytest_ignore_collect --> True [hook]
              pytest_ignore_collect [hook]
                  config: <_pytest.config.Config object at 0x00000217FDA8F4D0>
                  collection_path: C:\Users\User\Documents\python-fasttrack\assets
                  path: C:\Users\User\Documents\python-fasttrack\assets
              finish pytest_ignore_collect --> None [hook]
              pytest_collect_directory [hook]
                  path: C:\Users\User\Documents\python-fasttrack\assets
                  parent: <Dir python-fasttrack>
              finish pytest_collect_directory --> <Dir assets> [hook]
              pytest_ignore_collect [hook]
                  config: <_pytest.config.Config object at 0x00000217FDA8F4D0>
                  collection_path: C:\Users\User\Documents\python-fasttrack\docs
                  path: C:\Users\User\Documents\python-fasttrack\docs
              finish pytest_ignore_collect --> None [hook]
              pytest_collect_directory [hook]
                  path: C:\Users\User\Documents\python-fasttrack\docs
                  parent: <Dir python-fasttrack>
              finish pytest_collect_directory --> <Dir docs> [hook]
              pytest_ignore_collect [hook]
                  config: <_pytest.config.Config object at 0x00000217FDA8F4D0>
                  collection_path: C:\Users\User\Documents\python-fasttrack\failed_test.py
                  path: C:\Users\User\Documents\python-fasttrack\failed_test.py
              finish pytest_ignore_collect --> None [hook]
              pytest_collect_file [hook]
                  parent: <Dir python-fasttrack>
                  file_path: C:\Users\User\Documents\python-fasttrack\failed_test.py
                  path: C:\Users\User\Documents\python-fasttrack\failed_test.py
                pytest_pycollect_makemodule [hook]
                    parent: <Dir python-fasttrack>
                    module_path: C:\Users\User\Documents\python-fasttrack\failed_test.py
                    path: C:\Users\User\Documents\python-fasttrack\failed_test.py
                finish pytest_pycollect_makemodule --> <Module failed_test.py> [hook]
              finish pytest_collect_file --> [<Module failed_test.py>] [hook]
              pytest_ignore_collect [hook]
                  config: <_pytest.config.Config object at 0x00000217FDA8F4D0>
                  collection_path: C:\Users\User\Documents\python-fasttrack\fixture_setup_error.html
                  path: C:\Users\User\Documents\python-fasttrack\fixture_setup_error.html
              finish pytest_ignore_collect --> None [hook]
              pytest_collect_file [hook]
                  parent: <Dir python-fasttrack>
                  file_path: C:\Users\User\Documents\python-fasttrack\fixture_setup_error.html
                  path: C:\Users\User\Documents\python-fasttrack\fixture_setup_error.html
              finish pytest_collect_file --> [] [hook]
              pytest_ignore_collect [hook]
                  config: <_pytest.config.Config object at 0x00000217FDA8F4D0>
                  collection_path: C:\Users\User\Documents\python-fasttrack\fixture_setup_error.png
                  path: C:\Users\User\Documents\python-fasttrack\fixture_setup_error.png
              finish pytest_ignore_collect --> None [hook]
              pytest_collect_file [hook]
                  parent: <Dir python-fasttrack>
                  file_path: C:\Users\User\Documents\python-fasttrack\fixture_setup_error.png
                  path: C:\Users\User\Documents\python-fasttrack\fixture_setup_error.png
              finish pytest_collect_file --> [] [hook]
              pytest_ignore_collect [hook]
                  config: <_pytest.config.Config object at 0x00000217FDA8F4D0>
                  collection_path: C:\Users\User\Documents\python-fasttrack\generate_summary.py
                  path: C:\Users\User\Documents\python-fasttrack\generate_summary.py
              finish pytest_ignore_collect --> None [hook]
              pytest_collect_file [hook]
                  parent: <Dir python-fasttrack>
                  file_path: C:\Users\User\Documents\python-fasttrack\generate_summary.py
                  path: C:\Users\User\Documents\python-fasttrack\generate_summary.py
              finish pytest_collect_file --> [] [hook]
              pytest_ignore_collect [hook]
                  config: <_pytest.config.Config object at 0x00000217FDA8F4D0>
                  collection_path: C:\Users\User\Documents\python-fasttrack\passed_tests.py
                  path: C:\Users\User\Documents\python-fasttrack\passed_tests.py
              finish pytest_ignore_collect --> None [hook]
              pytest_collect_file [hook]
                  parent: <Dir python-fasttrack>
                  file_path: C:\Users\User\Documents\python-fasttrack\passed_tests.py
                  path: C:\Users\User\Documents\python-fasttrack\passed_tests.py
              finish pytest_collect_file --> [] [hook]
              pytest_ignore_collect [hook]
                  config: <_pytest.config.Config object at 0x00000217FDA8F4D0>
                  collection_path: C:\Users\User\Documents\python-fasttrack\print_failed.py
                  path: C:\Users\User\Documents\python-fasttrack\print_failed.py
              finish pytest_ignore_collect --> None [hook]
              pytest_collect_file [hook]
                  parent: <Dir python-fasttrack>
                  file_path: C:\Users\User\Documents\python-fasttrack\print_failed.py
                  path: C:\Users\User\Documents\python-fasttrack\print_failed.py
              finish pytest_collect_file --> [] [hook]
              pytest_ignore_collect [hook]
                  config: <_pytest.config.Config object at 0x00000217FDA8F4D0>
                  collection_path: C:\Users\User\Documents\python-fasttrack\pytest.ini
                  path: C:\Users\User\Documents\python-fasttrack\pytest.ini
              finish pytest_ignore_collect --> None [hook]
              pytest_collect_file [hook]
                  parent: <Dir python-fasttrack>
                  file_path: C:\Users\User\Documents\python-fasttrack\pytest.ini
                  path: C:\Users\User\Documents\python-fasttrack\pytest.ini
              finish pytest_collect_file --> [] [hook]
              pytest_ignore_collect [hook]
                  config: <_pytest.config.Config object at 0x00000217FDA8F4D0>
                  collection_path: C:\Users\User\Documents\python-fasttrack\pytestdebug.log
                  path: C:\Users\User\Documents\python-fasttrack\pytestdebug.log
              finish pytest_ignore_collect --> None [hook]
              pytest_collect_file [hook]
                  parent: <Dir python-fasttrack>
                  file_path: C:\Users\User\Documents\python-fasttrack\pytestdebug.log
                  path: C:\Users\User\Documents\python-fasttrack\pytestdebug.log
              finish pytest_collect_file --> [] [hook]
              pytest_ignore_collect [hook]
                  config: <_pytest.config.Config object at 0x00000217FDA8F4D0>
                  collection_path: C:\Users\User\Documents\python-fasttrack\report_mobile_login.html
                  path: C:\Users\User\Documents\python-fasttrack\report_mobile_login.html
              finish pytest_ignore_collect --> None [hook]
              pytest_collect_file [hook]
                  parent: <Dir python-fasttrack>
                  file_path: C:\Users\User\Documents\python-fasttrack\report_mobile_login.html
                  path: C:\Users\User\Documents\python-fasttrack\report_mobile_login.html
              finish pytest_collect_file --> [] [hook]
              pytest_ignore_collect [hook]
                  config: <_pytest.config.Config object at 0x00000217FDA8F4D0>
                  collection_path: C:\Users\User\Documents\python-fasttrack\report_profile_navigation.html
                  path: C:\Users\User\Documents\python-fasttrack\report_profile_navigation.html
              finish pytest_ignore_collect --> None [hook]
              pytest_collect_file [hook]
                  parent: <Dir python-fasttrack>
                  file_path: C:\Users\User\Documents\python-fasttrack\report_profile_navigation.html
                  path: C:\Users\User\Documents\python-fasttrack\report_profile_navigation.html
              finish pytest_collect_file --> [] [hook]
              pytest_ignore_collect [hook]
                  config: <_pytest.config.Config object at 0x00000217FDA8F4D0>
                  collection_path: C:\Users\User\Documents\python-fasttrack\requirements.txt
                  path: C:\Users\User\Documents\python-fasttrack\requirements.txt
              finish pytest_ignore_collect --> None [hook]
              pytest_collect_file [hook]
                  parent: <Dir python-fasttrack>
                  file_path: C:\Users\User\Documents\python-fasttrack\requirements.txt
                  path: C:\Users\User\Documents\python-fasttrack\requirements.txt
              finish pytest_collect_file --> [] [hook]
              pytest_ignore_collect [hook]
                  config: <_pytest.config.Config object at 0x00000217FDA8F4D0>
                  collection_path: C:\Users\User\Documents\python-fasttrack\run_report.py
                  path: C:\Users\User\Documents\python-fasttrack\run_report.py
              finish pytest_ignore_collect --> None [hook]
              pytest_collect_file [hook]
                  parent: <Dir python-fasttrack>
                  file_path: C:\Users\User\Documents\python-fasttrack\run_report.py
                  path: C:\Users\User\Documents\python-fasttrack\run_report.py
              finish pytest_collect_file --> [] [hook]
              pytest_ignore_collect [hook]
                  config: <_pytest.config.Config object at 0x00000217FDA8F4D0>
                  collection_path: C:\Users\User\Documents\python-fasttrack\run_suite.py
                  path: C:\Users\User\Documents\python-fasttrack\run_suite.py
              finish pytest_ignore_collect --> None [hook]
              pytest_collect_file [hook]
                  parent: <Dir python-fasttrack>
                  file_path: C:\Users\User\Documents\python-fasttrack\run_suite.py
                  path: C:\Users\User\Documents\python-fasttrack\run_suite.py
              finish pytest_collect_file --> [] [hook]
              pytest_ignore_collect [hook]
                  config: <_pytest.config.Config object at 0x00000217FDA8F4D0>
                  collection_path: C:\Users\User\Documents\python-fasttrack\run_suite.sh
                  path: C:\Users\User\Documents\python-fasttrack\run_suite.sh
              finish pytest_ignore_collect --> None [hook]
              pytest_collect_file [hook]
                  parent: <Dir python-fasttrack>
                  file_path: C:\Users\User\Documents\python-fasttrack\run_suite.sh
                  path: C:\Users\User\Documents\python-fasttrack\run_suite.sh
              finish pytest_collect_file --> [] [hook]
              pytest_ignore_collect [hook]
                  config: <_pytest.config.Config object at 0x00000217FDA8F4D0>
                  collection_path: C:\Users\User\Documents\python-fasttrack\teapotenv
                  path: C:\Users\User\Documents\python-fasttrack\teapotenv
              finish pytest_ignore_collect --> True [hook]
              pytest_ignore_collect [hook]
                  config: <_pytest.config.Config object at 0x00000217FDA8F4D0>
                  collection_path: C:\Users\User\Documents\python-fasttrack\teapotenv_pw
                  path: C:\Users\User\Documents\python-fasttrack\teapotenv_pw
              finish pytest_ignore_collect --> True [hook]
              pytest_ignore_collect [hook]
                  config: <_pytest.config.Config object at 0x00000217FDA8F4D0>
                  collection_path: C:\Users\User\Documents\python-fasttrack\test-reports
                  path: C:\Users\User\Documents\python-fasttrack\test-reports
              finish pytest_ignore_collect --> None [hook]
              pytest_collect_directory [hook]
                  path: C:\Users\User\Documents\python-fasttrack\test-reports
                  parent: <Dir python-fasttrack>
              finish pytest_collect_directory --> <Dir test-reports> [hook]
              pytest_ignore_collect [hook]
                  config: <_pytest.config.Config object at 0x00000217FDA8F4D0>
                  collection_path: C:\Users\User\Documents\python-fasttrack\test_me.py
                  path: C:\Users\User\Documents\python-fasttrack\test_me.py
              finish pytest_ignore_collect --> None [hook]
              pytest_collect_file [hook]
                  parent: <Dir python-fasttrack>
                  file_path: C:\Users\User\Documents\python-fasttrack\test_me.py
                  path: C:\Users\User\Documents\python-fasttrack\test_me.py
                pytest_pycollect_makemodule [hook]
                    parent: <Dir python-fasttrack>
                    module_path: C:\Users\User\Documents\python-fasttrack\test_me.py
                    path: C:\Users\User\Documents\python-fasttrack\test_me.py
                finish pytest_pycollect_makemodule --> <Module test_me.py> [hook]
              finish pytest_collect_file --> [<Module test_me.py>] [hook]
              pytest_ignore_collect [hook]
                  config: <_pytest.config.Config object at 0x00000217FDA8F4D0>
                  collection_path: C:\Users\User\Documents\python-fasttrack\test_profile_navigation.py
                  path: C:\Users\User\Documents\python-fasttrack\test_profile_navigation.py
              finish pytest_ignore_collect --> None [hook]
              pytest_collect_file [hook]
                  parent: <Dir python-fasttrack>
                  file_path: C:\Users\User\Documents\python-fasttrack\test_profile_navigation.py
                  path: C:\Users\User\Documents\python-fasttrack\test_profile_navigation.py
                pytest_pycollect_makemodule [hook]
                    parent: <Dir python-fasttrack>
                    module_path: C:\Users\User\Documents\python-fasttrack\test_profile_navigation.py
                    path: C:\Users\User\Documents\python-fasttrack\test_profile_navigation.py
                finish pytest_pycollect_makemodule --> <Module test_profile_navigation.py> [hook]
              finish pytest_collect_file --> [<Module test_profile_navigation.py>] [hook]
              pytest_ignore_collect [hook]
                  config: <_pytest.config.Config object at 0x00000217FDA8F4D0>
                  collection_path: C:\Users\User\Documents\python-fasttrack\test_report.py
                  path: C:\Users\User\Documents\python-fasttrack\test_report.py
              finish pytest_ignore_collect --> None [hook]
              pytest_collect_file [hook]
                  parent: <Dir python-fasttrack>
                  file_path: C:\Users\User\Documents\python-fasttrack\test_report.py
                  path: C:\Users\User\Documents\python-fasttrack\test_report.py
                pytest_pycollect_makemodule [hook]
                    parent: <Dir python-fasttrack>
                    module_path: C:\Users\User\Documents\python-fasttrack\test_report.py
                    path: C:\Users\User\Documents\python-fasttrack\test_report.py
                finish pytest_pycollect_makemodule --> <Module test_report.py> [hook]
              finish pytest_collect_file --> [<Module test_report.py>] [hook]
              pytest_ignore_collect [hook]
                  config: <_pytest.config.Config object at 0x00000217FDA8F4D0>
                  collection_path: C:\Users\User\Documents\python-fasttrack\test_report_utils.py
                  path: C:\Users\User\Documents\python-fasttrack\test_report_utils.py
              finish pytest_ignore_collect --> None [hook]
              pytest_collect_file [hook]
                  parent: <Dir python-fasttrack>
                  file_path: C:\Users\User\Documents\python-fasttrack\test_report_utils.py
                  path: C:\Users\User\Documents\python-fasttrack\test_report_utils.py
                pytest_pycollect_makemodule [hook]
                    parent: <Dir python-fasttrack>
                    module_path: C:\Users\User\Documents\python-fasttrack\test_report_utils.py
                    path: C:\Users\User\Documents\python-fasttrack\test_report_utils.py
                finish pytest_pycollect_makemodule --> <Module test_report_utils.py> [hook]
              finish pytest_collect_file --> [<Module test_report_utils.py>] [hook]
              pytest_ignore_collect [hook]
                  config: <_pytest.config.Config object at 0x00000217FDA8F4D0>
                  collection_path: C:\Users\User\Documents\python-fasttrack\test_reports
                  path: C:\Users\User\Documents\python-fasttrack\test_reports
              finish pytest_ignore_collect --> None [hook]
              pytest_collect_directory [hook]
                  path: C:\Users\User\Documents\python-fasttrack\test_reports
                  parent: <Dir python-fasttrack>
              finish pytest_collect_directory --> <Dir test_reports> [hook]
              pytest_ignore_collect [hook]
                  config: <_pytest.config.Config object at 0x00000217FDA8F4D0>
                  collection_path: C:\Users\User\Documents\python-fasttrack\test_results.txt
                  path: C:\Users\User\Documents\python-fasttrack\test_results.txt
              finish pytest_ignore_collect --> None [hook]
              pytest_collect_file [hook]
                  parent: <Dir python-fasttrack>
                  file_path: C:\Users\User\Documents\python-fasttrack\test_results.txt
                  path: C:\Users\User\Documents\python-fasttrack\test_results.txt
              finish pytest_collect_file --> [<DoctestTextfile test_results.txt>] [hook]
              pytest_collect_directory [hook]
                  path: C:\Users\User\Documents\python-fasttrack\tests
                  parent: <Dir python-fasttrack>
              finish pytest_collect_directory --> <Dir tests> [hook]
            finish pytest_make_collect_report --> <CollectReport '.' lenresult=11 outcome='passed'> [hook]
            pytest_collectstart [hook]
                collector: <Dir tests>
            finish pytest_collectstart --> [] [hook]
            pytest_make_collect_report [hook]
                collector: <Dir tests>
              pytest_ignore_collect [hook]
                  config: <_pytest.config.Config object at 0x00000217FDA8F4D0>
                  collection_path: C:\Users\User\Documents\python-fasttrack\tests\.pytest_cache
                  path: C:\Users\User\Documents\python-fasttrack\tests\.pytest_cache
              finish pytest_ignore_collect --> True [hook]
              pytest_ignore_collect [hook]
                  config: <_pytest.config.Config object at 0x00000217FDA8F4D0>
                  collection_path: C:\Users\User\Documents\python-fasttrack\tests\Archive
                  path: C:\Users\User\Documents\python-fasttrack\tests\Archive
              finish pytest_ignore_collect --> None [hook]
              pytest_collect_directory [hook]
                  path: C:\Users\User\Documents\python-fasttrack\tests\Archive
                  parent: <Dir tests>
              finish pytest_collect_directory --> <Dir Archive> [hook]
              pytest_ignore_collect [hook]
                  config: <_pytest.config.Config object at 0x00000217FDA8F4D0>
                  collection_path: C:\Users\User\Documents\python-fasttrack\tests\__pycache__
                  path: C:\Users\User\Documents\python-fasttrack\tests\__pycache__
              finish pytest_ignore_collect --> True [hook]
              pytest_ignore_collect [hook]
                  config: <_pytest.config.Config object at 0x00000217FDA8F4D0>
                  collection_path: C:\Users\User\Documents\python-fasttrack\tests\_init_.py
                  path: C:\Users\User\Documents\python-fasttrack\tests\_init_.py
              finish pytest_ignore_collect --> None [hook]
              pytest_collect_file [hook]
                  parent: <Dir tests>
                  file_path: C:\Users\User\Documents\python-fasttrack\tests\_init_.py
                  path: C:\Users\User\Documents\python-fasttrack\tests\_init_.py
              finish pytest_collect_file --> [] [hook]
              pytest_ignore_collect [hook]
                  config: <_pytest.config.Config object at 0x00000217FDA8F4D0>
                  collection_path: C:\Users\User\Documents\python-fasttrack\tests\conftest.py
                  path: C:\Users\User\Documents\python-fasttrack\tests\conftest.py
              finish pytest_ignore_collect --> None [hook]
              pytest_collect_file [hook]
                  parent: <Dir tests>
                  file_path: C:\Users\User\Documents\python-fasttrack\tests\conftest.py
                  path: C:\Users\User\Documents\python-fasttrack\tests\conftest.py
              finish pytest_collect_file --> [] [hook]
              pytest_ignore_collect [hook]
                  config: <_pytest.config.Config object at 0x00000217FDA8F4D0>
                  collection_path: C:\Users\User\Documents\python-fasttrack\tests\fast
                  path: C:\Users\User\Documents\python-fasttrack\tests\fast
              finish pytest_ignore_collect --> None [hook]
              pytest_collect_directory [hook]
                  path: C:\Users\User\Documents\python-fasttrack\tests\fast
                  parent: <Dir tests>
              finish pytest_collect_directory --> <Dir fast> [hook]
              pytest_collect_directory [hook]
                  path: C:\Users\User\Documents\python-fasttrack\tests\mobile
                  parent: <Dir tests>
              finish pytest_collect_directory --> <Dir mobile> [hook]
              pytest_ignore_collect [hook]
                  config: <_pytest.config.Config object at 0x00000217FDA8F4D0>
                  collection_path: C:\Users\User\Documents\python-fasttrack\tests\slow
                  path: C:\Users\User\Documents\python-fasttrack\tests\slow
              finish pytest_ignore_collect --> None [hook]
              pytest_collect_directory [hook]
                  path: C:\Users\User\Documents\python-fasttrack\tests\slow
                  parent: <Dir tests>
              finish pytest_collect_directory --> <Dir slow> [hook]
              pytest_ignore_collect [hook]
                  config: <_pytest.config.Config object at 0x00000217FDA8F4D0>
                  collection_path: C:\Users\User\Documents\python-fasttrack\tests\test_reports
                  path: C:\Users\User\Documents\python-fasttrack\tests\test_reports
              finish pytest_ignore_collect --> None [hook]
              pytest_collect_directory [hook]
                  path: C:\Users\User\Documents\python-fasttrack\tests\test_reports
                  parent: <Dir tests>
              finish pytest_collect_directory --> <Dir test_reports> [hook]
            finish pytest_make_collect_report --> <CollectReport 'tests' lenresult=5 outcome='passed'> [hook]
            pytest_collectstart [hook]
                collector: <Dir mobile>
            finish pytest_collectstart --> [] [hook]
            pytest_make_collect_report [hook]
                collector: <Dir mobile>
              pytest_ignore_collect [hook]
                  config: <_pytest.config.Config object at 0x00000217FDA8F4D0>
                  collection_path: C:\Users\User\Documents\python-fasttrack\tests\mobile\__pycache__
                  path: C:\Users\User\Documents\python-fasttrack\tests\mobile\__pycache__
              finish pytest_ignore_collect --> True [hook]
              pytest_ignore_collect [hook]
                  config: <_pytest.config.Config object at 0x00000217FDA8F4D0>
                  collection_path: C:\Users\User\Documents\python-fasttrack\tests\mobile\test_mobile_home_page.py
                  path: C:\Users\User\Documents\python-fasttrack\tests\mobile\test_mobile_home_page.py
              finish pytest_ignore_collect --> None [hook]
              pytest_collect_file [hook]
                  parent: <Dir mobile>
                  file_path: C:\Users\User\Documents\python-fasttrack\tests\mobile\test_mobile_home_page.py
                  path: C:\Users\User\Documents\python-fasttrack\tests\mobile\test_mobile_home_page.py
                pytest_pycollect_makemodule [hook]
                    parent: <Dir mobile>
                    module_path: C:\Users\User\Documents\python-fasttrack\tests\mobile\test_mobile_home_page.py
                    path: C:\Users\User\Documents\python-fasttrack\tests\mobile\test_mobile_home_page.py
                finish pytest_pycollect_makemodule --> <Module test_mobile_home_page.py> [hook]
              finish pytest_collect_file --> [<Module test_mobile_home_page.py>] [hook]
              pytest_ignore_collect [hook]
                  config: <_pytest.config.Config object at 0x00000217FDA8F4D0>
                  collection_path: C:\Users\User\Documents\python-fasttrack\tests\mobile\test_mobile_invalid_login_credential.py
                  path: C:\Users\User\Documents\python-fasttrack\tests\mobile\test_mobile_invalid_login_credential.py
              finish pytest_ignore_collect --> None [hook]
              pytest_collect_file [hook]
                  parent: <Dir mobile>
                  file_path: C:\Users\User\Documents\python-fasttrack\tests\mobile\test_mobile_invalid_login_credential.py
                  path: C:\Users\User\Documents\python-fasttrack\tests\mobile\test_mobile_invalid_login_credential.py
                pytest_pycollect_makemodule [hook]
                    parent: <Dir mobile>
                    module_path: C:\Users\User\Documents\python-fasttrack\tests\mobile\test_mobile_invalid_login_credential.py
                    path: C:\Users\User\Documents\python-fasttrack\tests\mobile\test_mobile_invalid_login_credential.py
                finish pytest_pycollect_makemodule --> <Module test_mobile_invalid_login_credential.py> [hook]
              finish pytest_collect_file --> [<Module test_mobile_invalid_login_credential.py>] [hook]
              pytest_collect_file [hook]
                  parent: <Dir mobile>
                  file_path: C:\Users\User\Documents\python-fasttrack\tests\mobile\test_mobile_library_discover.py
                  path: C:\Users\User\Documents\python-fasttrack\tests\mobile\test_mobile_library_discover.py
                pytest_pycollect_makemodule [hook]
                    parent: <Dir mobile>
                    module_path: C:\Users\User\Documents\python-fasttrack\tests\mobile\test_mobile_library_discover.py
                    path: C:\Users\User\Documents\python-fasttrack\tests\mobile\test_mobile_library_discover.py
                finish pytest_pycollect_makemodule --> <Module test_mobile_library_discover.py> [hook]
              finish pytest_collect_file --> [<Module test_mobile_library_discover.py>] [hook]
              pytest_ignore_collect [hook]
                  config: <_pytest.config.Config object at 0x00000217FDA8F4D0>
                  collection_path: C:\Users\User\Documents\python-fasttrack\tests\mobile\test_mobile_login.py
                  path: C:\Users\User\Documents\python-fasttrack\tests\mobile\test_mobile_login.py
              finish pytest_ignore_collect --> None [hook]
              pytest_collect_file [hook]
                  parent: <Dir mobile>
                  file_path: C:\Users\User\Documents\python-fasttrack\tests\mobile\test_mobile_login.py
                  path: C:\Users\User\Documents\python-fasttrack\tests\mobile\test_mobile_login.py
                pytest_pycollect_makemodule [hook]
                    parent: <Dir mobile>
                    module_path: C:\Users\User\Documents\python-fasttrack\tests\mobile\test_mobile_login.py
                    path: C:\Users\User\Documents\python-fasttrack\tests\mobile\test_mobile_login.py
                finish pytest_pycollect_makemodule --> <Module test_mobile_login.py> [hook]
              finish pytest_collect_file --> [<Module test_mobile_login.py>] [hook]
              pytest_ignore_collect [hook]
                  config: <_pytest.config.Config object at 0x00000217FDA8F4D0>
                  collection_path: C:\Users\User\Documents\python-fasttrack\tests\mobile\test_mobile_login_flow.py
                  path: C:\Users\User\Documents\python-fasttrack\tests\mobile\test_mobile_login_flow.py
              finish pytest_ignore_collect --> None [hook]
              pytest_collect_file [hook]
                  parent: <Dir mobile>
                  file_path: C:\Users\User\Documents\python-fasttrack\tests\mobile\test_mobile_login_flow.py
                  path: C:\Users\User\Documents\python-fasttrack\tests\mobile\test_mobile_login_flow.py
                pytest_pycollect_makemodule [hook]
                    parent: <Dir mobile>
                    module_path: C:\Users\User\Documents\python-fasttrack\tests\mobile\test_mobile_login_flow.py
                    path: C:\Users\User\Documents\python-fasttrack\tests\mobile\test_mobile_login_flow.py
                finish pytest_pycollect_makemodule --> <Module test_mobile_login_flow.py> [hook]
              finish pytest_collect_file --> [<Module test_mobile_login_flow.py>] [hook]
              pytest_ignore_collect [hook]
                  config: <_pytest.config.Config object at 0x00000217FDA8F4D0>
                  collection_path: C:\Users\User\Documents\python-fasttrack\tests\mobile\test_mobile_login_profile_logout_flow.py
                  path: C:\Users\User\Documents\python-fasttrack\tests\mobile\test_mobile_login_profile_logout_flow.py
              finish pytest_ignore_collect --> None [hook]
              pytest_collect_file [hook]
                  parent: <Dir mobile>
                  file_path: C:\Users\User\Documents\python-fasttrack\tests\mobile\test_mobile_login_profile_logout_flow.py
                  path: C:\Users\User\Documents\python-fasttrack\tests\mobile\test_mobile_login_profile_logout_flow.py
                pytest_pycollect_makemodule [hook]
                    parent: <Dir mobile>
                    module_path: C:\Users\User\Documents\python-fasttrack\tests\mobile\test_mobile_login_profile_logout_flow.py
                    path: C:\Users\User\Documents\python-fasttrack\tests\mobile\test_mobile_login_profile_logout_flow.py
                finish pytest_pycollect_makemodule --> <Module test_mobile_login_profile_logout_flow.py> [hook]
              finish pytest_collect_file --> [<Module test_mobile_login_profile_logout_flow.py>] [hook]
              pytest_ignore_collect [hook]
                  config: <_pytest.config.Config object at 0x00000217FDA8F4D0>
                  collection_path: C:\Users\User\Documents\python-fasttrack\tests\mobile\test_mobile_login_profile_logout_flow_hp.py
                  path: C:\Users\User\Documents\python-fasttrack\tests\mobile\test_mobile_login_profile_logout_flow_hp.py
              finish pytest_ignore_collect --> None [hook]
              pytest_collect_file [hook]
                  parent: <Dir mobile>
                  file_path: C:\Users\User\Documents\python-fasttrack\tests\mobile\test_mobile_login_profile_logout_flow_hp.py
                  path: C:\Users\User\Documents\python-fasttrack\tests\mobile\test_mobile_login_profile_logout_flow_hp.py
                pytest_pycollect_makemodule [hook]
                    parent: <Dir mobile>
                    module_path: C:\Users\User\Documents\python-fasttrack\tests\mobile\test_mobile_login_profile_logout_flow_hp.py
                    path: C:\Users\User\Documents\python-fasttrack\tests\mobile\test_mobile_login_profile_logout_flow_hp.py
                finish pytest_pycollect_makemodule --> <Module test_mobile_login_profile_logout_flow_hp.py> [hook]
              finish pytest_collect_file --> [<Module test_mobile_login_profile_logout_flow_hp.py>] [hook]
              pytest_ignore_collect [hook]
                  config: <_pytest.config.Config object at 0x00000217FDA8F4D0>
                  collection_path: C:\Users\User\Documents\python-fasttrack\tests\mobile\test_mobile_valid_email_wrong_password_login.py
                  path: C:\Users\User\Documents\python-fasttrack\tests\mobile\test_mobile_valid_email_wrong_password_login.py
              finish pytest_ignore_collect --> None [hook]
              pytest_collect_file [hook]
                  parent: <Dir mobile>
                  file_path: C:\Users\User\Documents\python-fasttrack\tests\mobile\test_mobile_valid_email_wrong_password_login.py
                  path: C:\Users\User\Documents\python-fasttrack\tests\mobile\test_mobile_valid_email_wrong_password_login.py
                pytest_pycollect_makemodule [hook]
                    parent: <Dir mobile>
                    module_path: C:\Users\User\Documents\python-fasttrack\tests\mobile\test_mobile_valid_email_wrong_password_login.py
                    path: C:\Users\User\Documents\python-fasttrack\tests\mobile\test_mobile_valid_email_wrong_password_login.py
                finish pytest_pycollect_makemodule --> <Module test_mobile_valid_email_wrong_password_login.py> [hook]
              finish pytest_collect_file --> [<Module test_mobile_valid_email_wrong_password_login.py>] [hook]
            finish pytest_make_collect_report --> <CollectReport 'tests/mobile' lenresult=8 outcome='passed'> [hook]
        finish pytest_make_collect_report --> <CollectReport '' lenresult=1 outcome='passed'> [hook]
        pytest_collectreport [hook]
            report: <CollectReport '' lenresult=1 outcome='passed'>
        finish pytest_collectreport --> [] [hook]
    genitems <Module test_mobile_library_discover.py> [collection]
      pytest_collectstart [hook]
          collector: <Module test_mobile_library_discover.py>
      finish pytest_collectstart --> [] [hook]
      pytest_make_collect_report [hook]
          collector: <Module test_mobile_library_discover.py>
      find_module called for: test_mobile_library_discover [assertion]
      matched test file (was specified on cmdline): 'C:\\Users\\User\\Documents\\python-fasttrack\\tests\\mobile\\test_mobile_library_discover.py' [assertion]
      _read_pyc(C:\Users\User\Documents\python-fasttrack\tests\mobile\test_mobile_library_discover.py): out of date [assertion]
      rewriting WindowsPath('C:/Users/User/Documents/python-fasttrack/tests/mobile/test_mobile_library_discover.py') [assertion]
        pytest_pycollect_makeitem [hook]
            collector: <Module test_mobile_library_discover.py>
            name: @py_builtins
            obj: <module 'builtins' (built-in)>
        finish pytest_pycollect_makeitem --> None [hook]
        pytest_pycollect_makeitem [hook]
            collector: <Module test_mobile_library_discover.py>
            name: @pytest_ar
            obj: <module '_pytest.assertion.rewrite' from 'C:\\Users\\User\\Documents\\python-fasttrack\\teapotenv\\Lib\\site-packages\\_pytest\\assertion\\rewrite.py'>
        finish pytest_pycollect_makeitem --> None [hook]
        pytest_pycollect_makeitem [hook]
            collector: <Module test_mobile_library_discover.py>
            name: pytest
            obj: <module 'pytest' from 'C:\\Users\\User\\Documents\\python-fasttrack\\teapotenv\\Lib\\site-packages\\pytest\\__init__.py'>
        finish pytest_pycollect_makeitem --> None [hook]
        pytest_pycollect_makeitem [hook]
            collector: <Module test_mobile_library_discover.py>
            name: re
            obj: <module 're' from 'C:\\Users\\User\\AppData\\Local\\Programs\\Python\\Python313\\Lib\\re\\__init__.py'>
        finish pytest_pycollect_makeitem --> None [hook]
        pytest_pycollect_makeitem [hook]
            collector: <Module test_mobile_library_discover.py>
            name: logging
            obj: <module 'logging' from 'C:\\Users\\User\\AppData\\Local\\Programs\\Python\\Python313\\Lib\\logging\\__init__.py'>
        finish pytest_pycollect_makeitem --> None [hook]
        pytest_pycollect_makeitem [hook]
            collector: <Module test_mobile_library_discover.py>
            name: datetime
            obj: <class 'datetime.datetime'>
        finish pytest_pycollect_makeitem --> None [hook]
        pytest_pycollect_makeitem [hook]
            collector: <Module test_mobile_library_discover.py>
            name: Path
            obj: <class 'pathlib._local.Path'>
        finish pytest_pycollect_makeitem --> None [hook]
        pytest_pycollect_makeitem [hook]
            collector: <Module test_mobile_library_discover.py>
            name: Page
            obj: <class 'playwright.sync_api._generated.Page'>
        finish pytest_pycollect_makeitem --> None [hook]
        pytest_pycollect_makeitem [hook]
            collector: <Module test_mobile_library_discover.py>
            name: expect
            obj: <playwright.sync_api.Expect object at 0x00000217FFE95FD0>
        finish pytest_pycollect_makeitem --> None [hook]
        pytest_pycollect_makeitem [hook]
            collector: <Module test_mobile_library_discover.py>
            name: VALID_USERNAME
            obj: cpot.tea@gmail.com
        finish pytest_pycollect_makeitem --> None [hook]
        pytest_pycollect_makeitem [hook]
            collector: <Module test_mobile_library_discover.py>
            name: VALID_PASSWORD
            obj: Moniwyse!400
        finish pytest_pycollect_makeitem --> None [hook]
        pytest_pycollect_makeitem [hook]
            collector: <Module test_mobile_library_discover.py>
            name: URL
            obj: https://mylibribooks.com/
        finish pytest_pycollect_makeitem --> None [hook]
        pytest_pycollect_makeitem [hook]
            collector: <Module test_mobile_library_discover.py>
            name: LOGIN_URL
            obj: https://mylibribooks.com/signin
        finish pytest_pycollect_makeitem --> None [hook]
        pytest_pycollect_makeitem [hook]
            collector: <Module test_mobile_library_discover.py>
            name: TARGET_DEVICE_NAME
            obj: iPhone 13
        finish pytest_pycollect_makeitem --> None [hook]
        pytest_pycollect_makeitem [hook]
            collector: <Module test_mobile_library_discover.py>
            name: logger
            obj: <Logger test_mobile_library_discover (INFO)>
        finish pytest_pycollect_makeitem --> None [hook]
        pytest_pycollect_makeitem [hook]
            collector: <Module test_mobile_library_discover.py>
            name: test_navigate_library_and_explore
            obj: <function test_navigate_library_and_explore at 0x000002178087C9A0>
          pytest_generate_tests [hook]
              metafunc: <_pytest.python.Metafunc object at 0x0000021780874D70>
            pytest_make_parametrize_id [hook]
                config: <_pytest.config.Config object at 0x00000217FDA8F4D0>
                val: chromium
                argname: browser_name
            finish pytest_make_parametrize_id --> None [hook]
          finish pytest_generate_tests --> [] [hook]
        finish pytest_pycollect_makeitem --> [<Function test_navigate_library_and_explore[chromium]>] [hook]
      finish pytest_make_collect_report --> <CollectReport 'tests/mobile/test_mobile_library_discover.py' lenresult=1 outcome='passed'> [hook]
    genitems <Function test_navigate_library_and_explore[chromium]> [collection]
      pytest_itemcollected [hook]
          item: <Function test_navigate_library_and_explore[chromium]>
      finish pytest_itemcollected --> [] [hook]
      pytest_collectreport [hook]
          report: <CollectReport 'tests/mobile/test_mobile_library_discover.py' lenresult=1 outcome='passed'>
      finish pytest_collectreport --> [] [hook]
      pytest_collection_modifyitems [hook]
          session: <Session  exitstatus=<ExitCode.OK: 0> testsfailed=0 testscollected=0>
          config: <_pytest.config.Config object at 0x00000217FDA8F4D0>
          items: [<Function test_navigate_library_and_explore[chromium]>]
      finish pytest_collection_modifyitems --> [] [hook]
      pytest_collection_finish [hook]
          session: <Session  exitstatus=<ExitCode.OK: 0> testsfailed=0 testscollected=0>
        pytest_report_collectionfinish [hook]
            config: <_pytest.config.Config object at 0x00000217FDA8F4D0>
            items: [<Function test_navigate_library_and_explore[chromium]>]
            start_path: C:\Users\User\Documents\python-fasttrack
            startdir: C:\Users\User\Documents\python-fasttrack
        finish pytest_report_collectionfinish --> [] [hook]
      finish pytest_collection_finish --> [] [hook]
    finish pytest_collection --> None [hook]
    pytest_runtestloop [hook]
        session: <Session  exitstatus=<ExitCode.OK: 0> testsfailed=0 testscollected=1>
      pytest_runtest_protocol [hook]
          item: <Function test_navigate_library_and_explore[chromium]>
          nextitem: None
        pytest_runtest_logstart [hook]
            nodeid: tests/mobile/test_mobile_library_discover.py::test_navigate_library_and_explore[chromium]
            location: ('tests\\mobile\\test_mobile_library_discover.py', 22, 'test_navigate_library_and_explore[chromium]')
        finish pytest_runtest_logstart --> [] [hook]
        pytest_runtest_setup [hook]
            item: <Function test_navigate_library_and_explore[chromium]>
          pytest_fixture_setup [hook]
              fixturedef: <FixtureDef argname='base_url' scope='session' baseid=''>
              request: <SubRequest 'base_url' for <Function test_navigate_library_and_explore[chromium]>>
          finish pytest_fixture_setup -->  [hook]
          pytest_fixture_setup [hook]
              fixturedef: <FixtureDef argname='_verify_url' scope='session' baseid=''>
              request: <SubRequest '_verify_url' for <Function test_navigate_library_and_explore[chromium]>>
          finish pytest_fixture_setup --> None [hook]
          pytest_fixture_setup [hook]
              fixturedef: <FixtureDef argname='pytestconfig' scope='session' baseid=''>
              request: <SubRequest 'pytestconfig' for <Function test_navigate_library_and_explore[chromium]>>
          finish pytest_fixture_setup --> <_pytest.config.Config object at 0x00000217FDA8F4D0> [hook]
          pytest_fixture_setup [hook]
              fixturedef: <FixtureDef argname='delete_output_dir' scope='session' baseid=''>
              request: <SubRequest 'delete_output_dir' for <Function test_navigate_library_and_explore[chromium]>>
          finish pytest_fixture_setup --> None [hook]
          pytest_fixture_setup [hook]
              fixturedef: <FixtureDef argname='browser_type_launch_args' scope='session' baseid=''>
              request: <SubRequest 'browser_type_launch_args' for <Function test_navigate_library_and_explore[chromium]>>
          finish pytest_fixture_setup --> [hook]
          pytest_fixture_setup [hook]
              fixturedef: <FixtureDef argname='playwright' scope='session' baseid=''>
              request: <SubRequest 'playwright' for <Function test_navigate_library_and_explore[chromium]>>
          finish pytest_fixture_setup --> <playwright._impl._playwright.Playwright object at 0x0000021780876A50> [hook]
          pytest_fixture_setup [hook]
              fixturedef: <FixtureDef argname='browser_name' scope='session' baseid=''>
              request: <SubRequest 'browser_name' for <Function test_navigate_library_and_explore[chromium]>>
          finish pytest_fixture_setup --> chromium [hook]
          pytest_fixture_setup [hook]
              fixturedef: <FixtureDef argname='browser_type' scope='session' baseid=''>
              request: <SubRequest 'browser_type' for <Function test_navigate_library_and_explore[chromium]>>
          finish pytest_fixture_setup --> <BrowserType name=chromium executable_path=C:\Users\User\AppData\Local\ms-playwright\chromium-1169\chrome-win\chrome.exe> [hook]
          pytest_fixture_setup [hook]
              fixturedef: <FixtureDef argname='connect_options' scope='session' baseid=''>
              request: <SubRequest 'connect_options' for <Function test_navigate_library_and_explore[chromium]>>
          finish pytest_fixture_setup --> None [hook]
          pytest_fixture_setup [hook]
              fixturedef: <FixtureDef argname='launch_browser' scope='session' baseid=''>
              request: <SubRequest 'launch_browser' for <Function test_navigate_library_and_explore[chromium]>>
          finish pytest_fixture_setup --> <function launch_browser.<locals>.launch at 0x00000217809682C0> [hook]
          pytest_fixture_setup [hook]
              fixturedef: <FixtureDef argname='browser' scope='session' baseid=''>
              request: <SubRequest 'browser' for <Function test_navigate_library_and_explore[chromium]>>
          finish pytest_fixture_setup --> <Browser type=<BrowserType name=chromium executable_path=C:\Users\User\AppData\Local\ms-playwright\chromium-1169\chrome-win\chrome.exe> version=136.0.7103.25> [hook]
          pytest_fixture_setup [hook]
              fixturedef: <FixtureDef argname='device' scope='session' baseid=''>
              request: <SubRequest 'device' for <Function test_navigate_library_and_explore[chromium]>>
          finish pytest_fixture_setup --> None [hook]
          pytest_fixture_setup [hook]
              fixturedef: <FixtureDef argname='_pw_artifacts_folder' scope='session' baseid=''>
              request: <SubRequest '_pw_artifacts_folder' for <Function test_navigate_library_and_explore[chromium]>>
          finish pytest_fixture_setup --> <TemporaryDirectory 'C:\\Users\\User\\AppData\\Local\\Temp\\playwright-pytest-m77jm1dv'> [hook]
          pytest_fixture_setup [hook]
              fixturedef: <FixtureDef argname='browser_context_args' scope='session' baseid=''>
              request: <SubRequest 'browser_context_args' for <Function test_navigate_library_and_explore[chromium]>>
          finish pytest_fixture_setup --> [hook]
          pytest_fixture_setup [hook]
              fixturedef: <FixtureDef argname='output_path' scope='function' baseid=''>
              request: <SubRequest 'output_path' for <Function test_navigate_library_and_explore[chromium]>>
          finish pytest_fixture_setup --> C:\Users\User\Documents\python-fasttrack\test-results\tests-mobile-test-mobile-library-discover-py-test-navigate-library-and-explore-chromium [hook]
          pytest_fixture_setup [hook]
              fixturedef: <FixtureDef argname='_artifacts_recorder' scope='function' baseid=''>
              request: <SubRequest '_artifacts_recorder' for <Function test_navigate_library_and_explore[chromium]>>
          finish pytest_fixture_setup --> <pytest_playwright.pytest_playwright.ArtifactsRecorder object at 0x0000021780877620> [hook]
          pytest_fixture_setup [hook]
              fixturedef: <FixtureDef argname='new_context' scope='function' baseid=''>
              request: <SubRequest 'new_context' for <Function test_navigate_library_and_explore[chromium]>>
          finish pytest_fixture_setup --> <function new_context.<locals>._new_context at 0x000002178087EC00> [hook]
          pytest_fixture_setup [hook]
              fixturedef: <FixtureDef argname='context' scope='function' baseid=''>
              request: <SubRequest 'context' for <Function test_navigate_library_and_explore[chromium]>>
          finish pytest_fixture_setup --> <BrowserContext browser=<Browser type=<BrowserType name=chromium executable_path=C:\Users\User\AppData\Local\ms-playwright\chromium-1169\chrome-win\chrome.exe> version=136.0.7103.25>> [hook]
          pytest_fixture_setup [hook]
              fixturedef: <FixtureDef argname='page' scope='function' baseid=''>
              request: <SubRequest 'page' for <Function test_navigate_library_and_explore[chromium]>>
          finish pytest_fixture_setup --> <Page url='about:blank'> [hook]
        finish pytest_runtest_setup --> None [hook]
        pytest_runtest_makereport [hook]
            item: <Function test_navigate_library_and_explore[chromium]>
            call: <CallInfo when='setup' result: None>
        finish pytest_runtest_makereport --> <TestReport 'tests/mobile/test_mobile_library_discover.py::test_navigate_library_and_explore[chromium]' when='setup' outcome='passed'> [hook]
        pytest_runtest_logreport [hook]
            report: <TestReport 'tests/mobile/test_mobile_library_discover.py::test_navigate_library_and_explore[chromium]' when='setup' outcome='passed'>
          pytest_report_teststatus [hook]
              report: <TestReport 'tests/mobile/test_mobile_library_discover.py::test_navigate_library_and_explore[chromium]' when='setup' outcome='passed'>
              config: <_pytest.config.Config object at 0x00000217FDA8F4D0>
          finish pytest_report_teststatus --> ('', '', '') [hook]
        finish pytest_runtest_logreport --> [] [hook]
        pytest_runtest_call [hook]
            item: <Function test_navigate_library_and_explore[chromium]>
          pytest_pyfunc_call [hook]
              pyfuncitem: <Function test_navigate_library_and_explore[chromium]>
          early skip of rewriting module: concurrent.futures.thread [assertion]
          early skip of rewriting module: queue [assertion]
          early skip of rewriting module: _queue [assertion]
        pytest_runtest_makereport [hook]
            item: <Function test_navigate_library_and_explore[chromium]>
            call: <CallInfo when='call' excinfo=<ExceptionInfo AssertionError('Locator expected to be visible\nActual value: <element(s) not found> \nCall log:\n  - LocatorAssertions.to_be_visible with timeout 10000ms\n  - waiting for locator("div.lib-login-wrapper h5:has-text(\'Sign In\')")\n') tblen=32>>
        finish pytest_runtest_makereport --> <TestReport 'tests/mobile/test_mobile_library_discover.py::test_navigate_library_and_explore[chromium]' when='call' outcome='failed'> [hook]
        pytest_runtest_logreport [hook]
            report: <TestReport 'tests/mobile/test_mobile_library_discover.py::test_navigate_library_and_explore[chromium]' when='call' outcome='failed'>
          pytest_report_teststatus [hook]
              report: <TestReport 'tests/mobile/test_mobile_library_discover.py::test_navigate_library_and_explore[chromium]' when='call' outcome='failed'>
              config: <_pytest.config.Config object at 0x00000217FDA8F4D0>
          finish pytest_report_teststatus --> ('failed', 'F', 'FAILED') [hook]
        finish pytest_runtest_logreport --> [] [hook]
        pytest_exception_interact [hook]
            node: <Function test_navigate_library_and_explore[chromium]>
            call: <CallInfo when='call' excinfo=<ExceptionInfo AssertionError('Locator expected to be visible\nActual value: <element(s) not found> \nCall log:\n  - LocatorAssertions.to_be_visible with timeout 10000ms\n  - waiting for locator("div.lib-login-wrapper h5:has-text(\'Sign In\')")\n') tblen=32>>
            report: <TestReport 'tests/mobile/test_mobile_library_discover.py::test_navigate_library_and_explore[chromium]' when='call' outcome='failed'>
        finish pytest_exception_interact --> [] [hook]
        pytest_runtest_teardown [hook]
            item: <Function test_navigate_library_and_explore[chromium]>
            nextitem: None
          pytest_fixture_post_finalizer [hook]
              fixturedef: <FixtureDef argname='page' scope='function' baseid=''>
              request: <SubRequest 'page' for <Function test_navigate_library_and_explore[chromium]>>
          finish pytest_fixture_post_finalizer --> [] [hook]
          pytest_fixture_post_finalizer [hook]
              fixturedef: <FixtureDef argname='page' scope='function' baseid=''>
              request: <SubRequest 'page' for <Function test_navigate_library_and_explore[chromium]>>
          finish pytest_fixture_post_finalizer --> [] [hook]
          pytest_fixture_post_finalizer [hook]
              fixturedef: <FixtureDef argname='context' scope='function' baseid=''>
              request: <SubRequest 'context' for <Function test_navigate_library_and_explore[chromium]>>
          finish pytest_fixture_post_finalizer --> [] [hook]
          pytest_fixture_post_finalizer [hook]
              fixturedef: <FixtureDef argname='context' scope='function' baseid=''>
              request: <SubRequest 'context' for <Function test_navigate_library_and_explore[chromium]>>
          finish pytest_fixture_post_finalizer --> [] [hook]
          pytest_fixture_post_finalizer [hook]
              fixturedef: <FixtureDef argname='new_context' scope='function' baseid=''>
              request: <SubRequest 'new_context' for <Function test_navigate_library_and_explore[chromium]>>
          finish pytest_fixture_post_finalizer --> [] [hook]
          pytest_fixture_post_finalizer [hook]
              fixturedef: <FixtureDef argname='new_context' scope='function' baseid=''>
              request: <SubRequest 'new_context' for <Function test_navigate_library_and_explore[chromium]>>
          finish pytest_fixture_post_finalizer --> [] [hook]
          pytest_fixture_post_finalizer [hook]
              fixturedef: <FixtureDef argname='_artifacts_recorder' scope='function' baseid=''>
              request: <SubRequest '_artifacts_recorder' for <Function test_navigate_library_and_explore[chromium]>>
          finish pytest_fixture_post_finalizer --> [] [hook]
          pytest_fixture_post_finalizer [hook]
              fixturedef: <FixtureDef argname='_artifacts_recorder' scope='function' baseid=''>
              request: <SubRequest '_artifacts_recorder' for <Function test_navigate_library_and_explore[chromium]>>
          finish pytest_fixture_post_finalizer --> [] [hook]
          pytest_fixture_post_finalizer [hook]
              fixturedef: <FixtureDef argname='output_path' scope='function' baseid=''>
              request: <SubRequest 'output_path' for <Function test_navigate_library_and_explore[chromium]>>
          finish pytest_fixture_post_finalizer --> [] [hook]
          pytest_fixture_post_finalizer [hook]
              fixturedef: <FixtureDef argname='new_context' scope='function' baseid=''>
              request: <SubRequest 'new_context' for <Function test_navigate_library_and_explore[chromium]>>
          finish pytest_fixture_post_finalizer --> [] [hook]
          pytest_fixture_post_finalizer [hook]
              fixturedef: <FixtureDef argname='browser_context_args' scope='session' baseid=''>
              request: <SubRequest 'browser_context_args' for <Function test_navigate_library_and_explore[chromium]>>
          finish pytest_fixture_post_finalizer --> [] [hook]
          pytest_fixture_post_finalizer [hook]
              fixturedef: <FixtureDef argname='_artifacts_recorder' scope='function' baseid=''>
              request: <SubRequest '_artifacts_recorder' for <Function test_navigate_library_and_explore[chromium]>>
          finish pytest_fixture_post_finalizer --> [] [hook]
          pytest_fixture_post_finalizer [hook]
              fixturedef: <FixtureDef argname='browser_context_args' scope='session' baseid=''>
              request: <SubRequest 'browser_context_args' for <Function test_navigate_library_and_explore[chromium]>>
          finish pytest_fixture_post_finalizer --> [] [hook]
          pytest_fixture_post_finalizer [hook]
              fixturedef: <FixtureDef argname='_pw_artifacts_folder' scope='session' baseid=''>
              request: <SubRequest '_pw_artifacts_folder' for <Function test_navigate_library_and_explore[chromium]>>
          finish pytest_fixture_post_finalizer --> [] [hook]
          pytest_fixture_post_finalizer [hook]
              fixturedef: <FixtureDef argname='browser_context_args' scope='session' baseid=''>
              request: <SubRequest 'browser_context_args' for <Function test_navigate_library_and_explore[chromium]>>
          finish pytest_fixture_post_finalizer --> [] [hook]
          pytest_fixture_post_finalizer [hook]
              fixturedef: <FixtureDef argname='device' scope='session' baseid=''>
              request: <SubRequest 'device' for <Function test_navigate_library_and_explore[chromium]>>
          finish pytest_fixture_post_finalizer --> [] [hook]
          pytest_fixture_post_finalizer [hook]
              fixturedef: <FixtureDef argname='new_context' scope='function' baseid=''>
              request: <SubRequest 'new_context' for <Function test_navigate_library_and_explore[chromium]>>
          finish pytest_fixture_post_finalizer --> [] [hook]
          pytest_fixture_post_finalizer [hook]
              fixturedef: <FixtureDef argname='browser' scope='session' baseid=''>
              request: <SubRequest 'browser' for <Function test_navigate_library_and_explore[chromium]>>
          finish pytest_fixture_post_finalizer --> [] [hook]
          pytest_fixture_post_finalizer [hook]
              fixturedef: <FixtureDef argname='browser' scope='session' baseid=''>
              request: <SubRequest 'browser' for <Function test_navigate_library_and_explore[chromium]>>
          finish pytest_fixture_post_finalizer --> [] [hook]
          pytest_fixture_post_finalizer [hook]
              fixturedef: <FixtureDef argname='launch_browser' scope='session' baseid=''>
              request: <SubRequest 'launch_browser' for <Function test_navigate_library_and_explore[chromium]>>
          finish pytest_fixture_post_finalizer --> [] [hook]
          pytest_fixture_post_finalizer [hook]
              fixturedef: <FixtureDef argname='launch_browser' scope='session' baseid=''>
              request: <SubRequest 'launch_browser' for <Function test_navigate_library_and_explore[chromium]>>
          finish pytest_fixture_post_finalizer --> [] [hook]
          pytest_fixture_post_finalizer [hook]
              fixturedef: <FixtureDef argname='connect_options' scope='session' baseid=''>
              request: <SubRequest 'connect_options' for <Function test_navigate_library_and_explore[chromium]>>
          finish pytest_fixture_post_finalizer --> [] [hook]
          pytest_fixture_post_finalizer [hook]
              fixturedef: <FixtureDef argname='launch_browser' scope='session' baseid=''>
              request: <SubRequest 'launch_browser' for <Function test_navigate_library_and_explore[chromium]>>
          finish pytest_fixture_post_finalizer --> [] [hook]
          pytest_fixture_post_finalizer [hook]
              fixturedef: <FixtureDef argname='browser_type' scope='session' baseid=''>
              request: <SubRequest 'browser_type' for <Function test_navigate_library_and_explore[chromium]>>
          finish pytest_fixture_post_finalizer --> [] [hook]
          pytest_fixture_post_finalizer [hook]
              fixturedef: <FixtureDef argname='browser_type' scope='session' baseid=''>
              request: <SubRequest 'browser_type' for <Function test_navigate_library_and_explore[chromium]>>
          finish pytest_fixture_post_finalizer --> [] [hook]
          pytest_fixture_post_finalizer [hook]
              fixturedef: <FixtureDef argname='browser_name' scope='session' baseid=''>
              request: <SubRequest 'browser_name' for <Function test_navigate_library_and_explore[chromium]>>
          finish pytest_fixture_post_finalizer --> [] [hook]
          pytest_fixture_post_finalizer [hook]
              fixturedef: <FixtureDef argname='_artifacts_recorder' scope='function' baseid=''>
              request: <SubRequest '_artifacts_recorder' for <Function test_navigate_library_and_explore[chromium]>>
          finish pytest_fixture_post_finalizer --> [] [hook]
          pytest_fixture_post_finalizer [hook]
              fixturedef: <FixtureDef argname='browser_context_args' scope='session' baseid=''>
              request: <SubRequest 'browser_context_args' for <Function test_navigate_library_and_explore[chromium]>>
          finish pytest_fixture_post_finalizer --> [] [hook]
          pytest_fixture_post_finalizer [hook]
              fixturedef: <FixtureDef argname='browser_type' scope='session' baseid=''>
              request: <SubRequest 'browser_type' for <Function test_navigate_library_and_explore[chromium]>>
          finish pytest_fixture_post_finalizer --> [] [hook]
          pytest_fixture_post_finalizer [hook]
              fixturedef: <FixtureDef argname='playwright' scope='session' baseid=''>
              request: <SubRequest 'playwright' for <Function test_navigate_library_and_explore[chromium]>>
          finish pytest_fixture_post_finalizer --> [] [hook]
          pytest_fixture_post_finalizer [hook]
              fixturedef: <FixtureDef argname='launch_browser' scope='session' baseid=''>
              request: <SubRequest 'launch_browser' for <Function test_navigate_library_and_explore[chromium]>>
          finish pytest_fixture_post_finalizer --> [] [hook]
          pytest_fixture_post_finalizer [hook]
              fixturedef: <FixtureDef argname='browser_type_launch_args' scope='session' baseid=''>
              request: <SubRequest 'browser_type_launch_args' for <Function test_navigate_library_and_explore[chromium]>>
          finish pytest_fixture_post_finalizer --> [] [hook]
          pytest_fixture_post_finalizer [hook]
              fixturedef: <FixtureDef argname='delete_output_dir' scope='session' baseid=''>
              request: <SubRequest 'delete_output_dir' for <Function test_navigate_library_and_explore[chromium]>>
          finish pytest_fixture_post_finalizer --> [] [hook]
          pytest_fixture_post_finalizer [hook]
              fixturedef: <FixtureDef argname='_artifacts_recorder' scope='function' baseid=''>
              request: <SubRequest '_artifacts_recorder' for <Function test_navigate_library_and_explore[chromium]>>
          finish pytest_fixture_post_finalizer --> [] [hook]
          pytest_fixture_post_finalizer [hook]
              fixturedef: <FixtureDef argname='output_path' scope='function' baseid=''>
              request: <SubRequest 'output_path' for <Function test_navigate_library_and_explore[chromium]>>
          finish pytest_fixture_post_finalizer --> [] [hook]
          pytest_fixture_post_finalizer [hook]
              fixturedef: <FixtureDef argname='browser_context_args' scope='session' baseid=''>
              request: <SubRequest 'browser_context_args' for <Function test_navigate_library_and_explore[chromium]>>
          finish pytest_fixture_post_finalizer --> [] [hook]
          pytest_fixture_post_finalizer [hook]
              fixturedef: <FixtureDef argname='device' scope='session' baseid=''>
              request: <SubRequest 'device' for <Function test_navigate_library_and_explore[chromium]>>
          finish pytest_fixture_post_finalizer --> [] [hook]
          pytest_fixture_post_finalizer [hook]
              fixturedef: <FixtureDef argname='browser_type_launch_args' scope='session' baseid=''>
              request: <SubRequest 'browser_type_launch_args' for <Function test_navigate_library_and_explore[chromium]>>
          finish pytest_fixture_post_finalizer --> [] [hook]
          pytest_fixture_post_finalizer [hook]
              fixturedef: <FixtureDef argname='delete_output_dir' scope='session' baseid=''>
              request: <SubRequest 'delete_output_dir' for <Function test_navigate_library_and_explore[chromium]>>
          finish pytest_fixture_post_finalizer --> [] [hook]
          pytest_fixture_post_finalizer [hook]
              fixturedef: <FixtureDef argname='pytestconfig' scope='session' baseid=''>
              request: <SubRequest 'pytestconfig' for <Function test_navigate_library_and_explore[chromium]>>
          finish pytest_fixture_post_finalizer --> [] [hook]
          pytest_fixture_post_finalizer [hook]
              fixturedef: <FixtureDef argname='_verify_url' scope='session' baseid=''>
              request: <SubRequest '_verify_url' for <Function test_navigate_library_and_explore[chromium]>>
          finish pytest_fixture_post_finalizer --> [] [hook]
          pytest_fixture_post_finalizer [hook]
              fixturedef: <FixtureDef argname='browser_context_args' scope='session' baseid=''>
              request: <SubRequest 'browser_context_args' for <Function test_navigate_library_and_explore[chromium]>>
          finish pytest_fixture_post_finalizer --> [] [hook]
          pytest_fixture_post_finalizer [hook]
              fixturedef: <FixtureDef argname='_verify_url' scope='session' baseid=''>
              request: <SubRequest '_verify_url' for <Function test_navigate_library_and_explore[chromium]>>
          finish pytest_fixture_post_finalizer --> [] [hook]
          pytest_fixture_post_finalizer [hook]
              fixturedef: <FixtureDef argname='base_url' scope='session' baseid=''>
              request: <SubRequest 'base_url' for <Function test_navigate_library_and_explore[chromium]>>
          finish pytest_fixture_post_finalizer --> [] [hook]
        finish pytest_runtest_teardown --> None [hook]
        pytest_runtest_makereport [hook]
            item: <Function test_navigate_library_and_explore[chromium]>
            call: <CallInfo when='teardown' result: None>
        finish pytest_runtest_makereport --> <TestReport 'tests/mobile/test_mobile_library_discover.py::test_navigate_library_and_explore[chromium]' when='teardown' outcome='passed'> [hook]
        pytest_runtest_logreport [hook]
            report: <TestReport 'tests/mobile/test_mobile_library_discover.py::test_navigate_library_and_explore[chromium]' when='teardown' outcome='passed'>
          pytest_report_teststatus [hook]
              report: <TestReport 'tests/mobile/test_mobile_library_discover.py::test_navigate_library_and_explore[chromium]' when='teardown' outcome='passed'>
              config: <_pytest.config.Config object at 0x00000217FDA8F4D0>
          finish pytest_report_teststatus --> ('', '', '') [hook]
          pytest_html_duration_format [hook]
              duration: 3.0740269999951124
          finish pytest_html_duration_format --> [] [hook]
          pytest_html_results_table_row [hook]
              report: <TestReport 'tests/mobile/test_mobile_library_discover.py::test_navigate_library_and_explore[chromium]' when='setup' outcome='passed'>
              cells: ['<td class="col-result">Passed</td>', '<td class="col-testId">tests/mobile/test_mobile_library_discover.py::test_navigate_library_and_explore[chromium]::setup</td>', '<td class="col-duration">00:00:03</td>', '<td class="col-links"></td>']
          finish pytest_html_results_table_row --> [] [hook]
          pytest_html_results_table_html [hook]
              report: <TestReport 'tests/mobile/test_mobile_library_discover.py::test_navigate_library_and_explore[chromium]' when='setup' outcome='passed'>
              data: ['No log output captured.']
          finish pytest_html_results_table_html --> [] [hook]
          pytest_html_duration_format [hook]
              duration: 22.734203699976206
          finish pytest_html_duration_format --> [] [hook]
          pytest_html_results_table_row [hook]
              report: <TestReport 'tests/mobile/test_mobile_library_discover.py::test_navigate_library_and_explore[chromium]' when='call' outcome='failed'>
              cells: ['<td class="col-result">Failed</td>', '<td class="col-testId">tests/mobile/test_mobile_library_discover.py::test_navigate_library_and_explore[chromium]</td>', '<td class="col-duration">00:00:23</td>', '<td class="col-links"></td>']
          finish pytest_html_results_table_row --> [] [hook]
          pytest_html_results_table_html [hook]
              report: <TestReport 'tests/mobile/test_mobile_library_discover.py::test_navigate_library_and_explore[chromium]' when='call' outcome='failed'>
              data: ['page = &lt;Page url=&#x27;https://mylibribooks.com/signin&#x27;&gt;\n\n    @pytest.mark.mobile\n    def test_navigate_library_and_explore(page: Page):\n        &quot;&quot;&quot;\n        Tests navigation to the library, Browse content, and discovering books.\n        This test now handles login directly within the test function.\n        &quot;&quot;&quot;\n        timestamp = datetime.now().strftime(&quot;%Y%m%d_%H%M%S&quot;)\n        sanitized_device_name = re.sub(r&#x27;[^\\w\\-_\\.]&#x27;, &#x27;&#x27;, TARGET_DEVICE_NAME)\n        test_report_dir = Path(f&quot;test_reports/library_discover_{sanitized_device_name}_{timestamp}&quot;)\n        test_report_dir.mkdir(parents=True, exist_ok=True)\n    \n        try:\n            logger.info(f&quot;Starting library discover test on device: {TARGET_DEVICE_NAME}&quot;)\n    \n            # --- REPLACED FIXTURE LOGIC: Direct Login Steps ---\n            print(f&quot;Navigating directly to sign-in page: {LOGIN_URL}&quot;)\n            page.goto(LOGIN_URL, wait_until=&quot;domcontentloaded&quot;)\n            page.wait_for_timeout(3000) # Give a bit more time for initial rendering\n    \n            print(&quot;On sign-in page. Proceeding with credentials.&quot;)\n    \n            # Locators for login elements\n            sign_in_header_locator = page.locator(&quot;div.lib-login-wrapper h5:has-text(&#x27;Sign In&#x27;)&quot;)\n            email_input_locator = page.locator(&quot;input[type=&#x27;email&#x27;][placeholder=&#x27;Email address&#x27;]&quot;)\n            password_input_locator = page.locator(&quot;input[type=&#x27;password&#x27;][placeholder=&#x27;Password&#x27;]&quot;)\n            login_button_locator = page.locator(&quot;button.btn-login-button:has-text(&#x27;Login&#x27;)&quot;)\n    \n            # Assert &#x27;Sign In&#x27; header is visible\n            print(&quot;Waiting for &#x27;Sign In&#x27; header to be visible...&quot;)\n&gt;           expect(sign_in_header_locator).to_be_visible(timeout=10000)\nE           AssertionError: Locator expected to be visible\nE           Actual value: &lt;element(s) not found&gt; \nE           Call log:\nE             - LocatorAssertions.to_be_visible with timeout 10000ms\nE             - waiting for locator(&quot;div.lib-login-wrapper h5:has-text(&#x27;Sign In&#x27;)&quot;)\n\ntests\\mobile\\test_mobile_library_discover.py:52: AssertionError\n', '------------------------------ Captured log call -------------------------------\n\x1b[32mINFO    \x1b[0m test_mobile_library_discover:test_mobile_library_discover.py:35 Starting library discover test on device: iPhone 13\n\x1b[1m\x1b[31mERROR   \x1b[0m test_mobile_library_discover:test_mobile_library_discover.py:138  Library discover test failed unexpectedly for iPhone 13: Locator expected to be visible\nActual value: &lt;element(s) not found&gt; \nCall log:\n  - LocatorAssertions.to_be_visible with timeout 10000ms\n  - waiting for locator(&quot;div.lib-login-wrapper h5:has-text(&#x27;Sign In&#x27;)&quot;)', '', '']
          finish pytest_html_results_table_html --> [] [hook]
          pytest_html_duration_format [hook]
              duration: 1.1827056999318302
          finish pytest_html_duration_format --> [] [hook]
          pytest_html_results_table_row [hook]
              report: <TestReport 'tests/mobile/test_mobile_library_discover.py::test_navigate_library_and_explore[chromium]' when='teardown' outcome='passed'>
              cells: ['<td class="col-result">Passed</td>', '<td class="col-testId">tests/mobile/test_mobile_library_discover.py::test_navigate_library_and_explore[chromium]::teardown</td>', '<td class="col-duration">00:00:01</td>', '<td class="col-links"></td>']
          finish pytest_html_results_table_row --> [] [hook]
          pytest_html_results_table_html [hook]
              report: <TestReport 'tests/mobile/test_mobile_library_discover.py::test_navigate_library_and_explore[chromium]' when='teardown' outcome='passed'>
              data: ['------------------------------ Captured log call -------------------------------\n\x1b[32mINFO    \x1b[0m test_mobile_library_discover:test_mobile_library_discover.py:35 Starting library discover test on device: iPhone 13\n\x1b[1m\x1b[31mERROR   \x1b[0m test_mobile_library_discover:test_mobile_library_discover.py:138  Library discover test failed unexpectedly for iPhone 13: Locator expected to be visible\nActual value: &lt;element(s) not found&gt; \nCall log:\n  - LocatorAssertions.to_be_visible with timeout 10000ms\n  - waiting for locator(&quot;div.lib-login-wrapper h5:has-text(&#x27;Sign In&#x27;)&quot;)', '', '']
          finish pytest_html_results_table_html --> [] [hook]
        finish pytest_runtest_logreport --> [] [hook]
        pytest_runtest_logfinish [hook]
            nodeid: tests/mobile/test_mobile_library_discover.py::test_navigate_library_and_explore[chromium]
            location: ('tests\\mobile\\test_mobile_library_discover.py', 22, 'test_navigate_library_and_explore[chromium]')
        finish pytest_runtest_logfinish --> [] [hook]
      finish pytest_runtest_protocol --> True [hook]
    finish pytest_runtestloop --> True [hook]
    pytest_sessionfinish [hook]
        session: <Session  exitstatus=<ExitCode.TESTS_FAILED: 1> testsfailed=1 testscollected=1>
        exitstatus: 1
      pytest_html_results_summary [hook]
          prefix: []
          summary: []
          postfix: []
          session: <Session  exitstatus=<ExitCode.TESTS_FAILED: 1> testsfailed=1 testscollected=1>
      finish pytest_html_results_summary --> [] [hook]
      pytest_terminal_summary [hook]
          terminalreporter: <_pytest.terminal.TerminalReporter object at 0x000002178069F380>
          exitstatus: 1
          config: <_pytest.config.Config object at 0x00000217FDA8F4D0>
        pytest_report_teststatus [hook]
            report: <TestReport 'tests/mobile/test_mobile_library_discover.py::test_navigate_library_and_explore[chromium]' when='call' outcome='failed'>
            config: <_pytest.config.Config object at 0x00000217FDA8F4D0>
        finish pytest_report_teststatus --> ('failed', 'F', 'FAILED') [hook]
      finish pytest_terminal_summary --> [] [hook]
    finish pytest_sessionfinish --> [] [hook]
    pytest_unconfigure [hook]
        config: <_pytest.config.Config object at 0x00000217FDA8F4D0>
    finish pytest_unconfigure --> [] [hook]
